33349 2 1091
35209 1 1
29555 1 1
36843 2 21
32449 1 1
38817 1 1
19785 2 4077
38927 2 1255
31827 1 1
33893 1 1
29762 1 1
32064 2 1045
31522 1 1
25474 2 1645
33365 1 1
32923 1 1
36114 1 1
36184 1 1
40411 2 150
31079 1 1
33196 1 1
41693 2 4224
31625 1 1
32540 1 1
31222 1 1
36110 1 1
32614 2 126
27769 1 1
30665 1 1
20936 2 1424
33415 2 1083
35812 1 1
36742 2 917
36286 2 80
29588 1 1
31781 2 463
33457 2 154
39523 2 2689
33734 2 362
44271 1 1
36065 2 744
33922 1 1
29817 2 162
30441 2 1591
41629 1 1
29159 1 1
37652 1 1
33762 2 1230
32520 2 364
32767 7 1
