125397
40750
5539
12513
65638
74708
111943
115982
124422
107207
59937
125575
8672
36753
135333
21343
54782
19745
11200
99076
66559
109005
73240
15473
92834
125062
51847
65383
3052
27550
6893
108610
55569
60619
51938
86913
94968
149194
7420
9841
11029
25928
72289
67586
60813
119672
33375
139825
30201
79537
113319
112345
80236
20077
100889
52223
90578
48936
52156
101131
74037
53732
69125
16395
129359
109778
69425
78963
83586
13484
77915
57603
65230
52115
18917
35645
119646
61526
40695
126208
44497
38322
27446
7173
359
29423
86041
48991
96188
10515
147539
142847
119872
4756
35982
1579196
25605285
20019442
1867655
2549053
19285485
530173
17989096
4699801
13091135
5713551
22686138
13493721
14744748
8860977
28674477
10028485
27453112
6758133
12810301
7412862
3519543
18326123
26281900
15592703
