1183 594 2842 2641 1920 2553 2650 2842 2842 193 1320 149 972 1636 989 1506 1307 459 11 1149 2247 2842 1083 553 2592 1984 196 667 62 2574 1360 2842 68 2842 526 2059 1043 1570 2256 2843 1723 27 307 255 1751 2683 2517 1513 362 2491 1238 646 2843 2399 2464 1329 2578 976 998 1806 592 2842 2312 2149 2304 2843 2281 2407 2095 2842 989 2606 1085 371 2594 1348 1894 1922 588 1268 1666 363 2602 1853 2842 2567 1639 1229 2842 2332
13787 17872 17872 17871 17872 17872 11654
IMPOSSIBLE
15532 4954 14561 13000 15478 20559 11106 20560 2384 11133 20559 5469 14435 20559 20560 7892 20559 6790 12983
IMPOSSIBLE
8850 2825 8850 3537 8849 8849 224 3423 8850 3086 4744 7295 8629 5189 8850 3167 8465 8850 7648 783 8850 6534 1304
14932 14933 14932 10695 8610 14932 14932 14932 14933 14932 9652 14932 11452 14932 3829 14932 14548 14932 5099 13675 10778 10157 7092 14932 14932 14648 14932 9282 7635 14932 10670 5186 6551 494 14932 14933 14932 5942 14932 12216 14932 14932 8812 11460 14932 14932 14932 5599 1289 14933 14932 14932 4040 10993 14933 14932 14932 4507 12774 14933 14933 14932 14932 6132 7003 14933 14932 8725 1299
IMPOSSIBLE
IMPOSSIBLE
444 773 5297 3857 5181 1389 4805 268 1113 3564 5355 3085 4320 3972 1290 3179 1450 2245 5354
969 2489 132 2289 3486 57 685 2139 4141 1994 106 4340 3256 520 1724 2413 1170 4340 4340 4340 2919 3603 1784 4340 4225 4340 3696 2279 4340 2035 4136 4340 2364 4073 4028 1049 1516 4340 1325 310 3902 2702 2701 1667 1726 1808 4340 2211 2957 3426 3829 4339 3223 4340 4074 2934 4340 2066 153 2201 2226 3492 3670 4263 188 4340 4340 1367 2052 4340 3138 3621 4340 3844 3371 3187 2098 1972 625 2564 1736 4340 2134 3381 1883 4339 4327 1973
2736 20 6597 4177 1435 6596 1030 2054 6597 2450 3793 6284 6597 6597 2392 6597 3234 6332 2621 6597 1228 6294 1996 6597 415 4852 4170 846 4822 4579 2556 461 3731 4255 3990 3529 3811 1548 3813 3098 3618 2563 2389 6540 303 2336 6597 6597 768 3409 5811 3479 2670 2401 6597 6597 6597 2467 4565 2916 4788 5991 6597 4712 6597 6597 6597
IMPOSSIBLE
32825 32581 12757 8915 22666 17900 9246 32825 18306 498 32825 32824 6336 31052 727 6488 32825 24822 22797 5756 32671 28816 7422 18966 17485 10925 32825 25473 11959 32825 25131 10249 10883 32825 32825 7502 27265 32825 9313 32825 32824
IMPOSSIBLE
7768 3695 7191 3459 1168 270 442 7768 7361 7335 3600 6938 6603 2053 2769 6373 7394 2737 6351 4763 6160 7768 465 3078 5680 4873 2180 7209 4465 7768 5197 7251 7768 7768 7768 893 4034 2422 6106 5878 1928 7768 5178 7439 6894 3526 1710 7076 4595 1164 7768 5565 2824 3188 1225 7768 1228 3932 3402 4273 965 5073 2425 606 472
2251 9166 2157 9203 10426 10427 10426 8708 10427
IMPOSSIBLE
17152 17152 2986 15760 16182 8219 16643 10087 17152 17152 17152 14805 17152 17153 11854 8869 2570 17153 3062 7544 4491 11458 17017 8614 17152 17152 9168 10792 12363 11475 17152 17152 17152 17152 15277 17152 17152 16230 17152 50 13496 17152 16340 12285 17152 16129 12078 17152 783 17152 14178 12178 15145 1152 17152
6056 14287 653 12722 14287 14287 8731 14287 2670 6795 11815 8124 14287 13451 14288 13235 123 8759 7341 6812 4140 11368 13974 14288 13589 10873 12006 14288 5459 14287 9531 12465 10293 6856 14287 517 5940 14287
IMPOSSIBLE
7255 7695 5057 14111 5767 2662 14111 4601 954 4566 9211 9406 7827 14111 6057 412 4701 13437 11521 4431 14111 6759 12913 12273 14111 14111 11367 1596 4833 1814 9775 14111 9009 10964 12480 5400 2088 12402 14111 2415 9216 12669 14110 3974 14111 5858 11598
49292 42158 49292 47243 47902 38435 49293 49293 16908 49292 49292 49292 49292 49292
28017 70670 70669 70670 58093 70670 70670 33298 70670 70669 40292 54484 15744 29565 70670 70670 50581 10113 29710 6757
IMPOSSIBLE
129628 129628 129628 129627 51626 129628
1183 617 817 1905 2346 1068 1458 1929 422 1616 2345 383 1232 2202 2346 2345 2081 2345 2327 2104 2149 2345 2346 1706 1510 1719 1200 2346 681 2345 395 2042 2290 2345 1774 1156 1648 1362 405 163 2346 1140 2305 1172 1700 1390 2346 816 303 2033 985 12 2243 88 2250 326 2345 1349 1187 2345 1330 1026 708 2346 1473 503 1747 2345 2345 2232 2345 2345 1214 1852 683 2345 2057 598 2345 1054 509 49 2228 2346 2345 2345 2345 482 2136 2345 71 858 2345 2345 1058 770 2345 1795 2193
65126 97580 70266 102372 56166 102371 70739 102371 102371 38978 17278 58450 90668
IMPOSSIBLE
1149 23525 23525 15426 19339 7205 14589 16034 8526 1528 4116 23525 23463 23524 14148 21655 23525 23524 23525 23525 15793 20526 13546 23525 23524
IMPOSSIBLE
IMPOSSIBLE
140993 140992 45792
IMPOSSIBLE
IMPOSSIBLE
IMPOSSIBLE
8 32 38 20 8 40 34 45 21 72 29 57 63 74 61 2 74 34 18 45 33 59 57 56 30 53 74 47 45 24 71 74 46 73 74 74 7 73 19 74 74 23 53 69 44 54 74 32 74 74 43 74 55 14 64 24 23 2 32 13 72 74 73 74 41 74 3 74 74 49 1 2 35 68 29 19 72 74 74 56 65 52 74 74 47 74 45 74
IMPOSSIBLE
IMPOSSIBLE
IMPOSSIBLE
16364 16364 16364 16364 16364 16364 4860 16365
8666 27324 27923 14777 27114 17156 16172 5427 8828 27082 23616 17518 20861 16929 19186 2235 27923 11721 9044 12237 10793 3631 4606 22894 5728 27924 27923 7059 27923 10526 20628 16372 19162 6424 14716 16027 957 14595
15001 8662 47044 14796 64075 85086 13502 46075 5594 73672 85086 67542 85085 28256 66304 47414
IMPOSSIBLE
IMPOSSIBLE
IMPOSSIBLE
IMPOSSIBLE
IMPOSSIBLE
2913 31648 31647 16462 16999 6496 28511 20680 31648 27402 28765 28 27033 31648 31647 4368 29170 481 23537 13958 26552 8817 4185 21892 27681 31648 19934 31648 18352 1652 31648 31648
IMPOSSIBLE
908 2971 3035 1983 2541 3035 292 901 2512 2060 2739 1721 2115 1714 790 3034 1586 2598 2161 496 3035 748 77 292 2929 1782 1285 2906 3034 1281 3034 3035 119 3034 633 1857 2206 3035 2588 2454 2805 3020 977 2277 2793 1024 68 2879 2828 2304 66 2004 3035 1254 2981 3035 3035 3035 712 1916 2196 2396 2972 2992 2231 379 1071 2123 2832 3035 3035 1137 2123 3035 816 432 2254 1270 2175 3035 569 772 547 3034 2793 2039 3035 1834 3035 1796 1361 2287 438 893
10770 8375 1052 10769 8537 6889 10770 6352 731 10769 2097 10770 10770 10770 6384 10770 10770 3741 10769 10770 10769 10770 10769 9946 9657 10770 10770 10770 10770 10770 5113 10770 10770 9100 10770 10769
11963 8755 28673 42264 37500 6360 29112 5642 9163 36502 19658 42265 21109 35521 34559 5001 42264 38371 31189 13944 42264 29247 38586 7603 38107 8182 8272 41955 26542 33273 1786
IMPOSSIBLE
1739 365 6052 1118 2576 6052 2210 3084 2118 2163 5721 4735 3708 5433 6052 6052 6052 1384 1446 6052 1426 5648 6052 5207 4791 1225 3720 6052 6052 6052 1532 3611 4392 3473 6052 5386 1770 6052 6052 3151 3945 6052 6052 4791 1017 6051 6052 6052 587 6052 6052 6052 6052 1401 2068 5762 2190 4515 6052 3846 4616 6052 3470 3621 282 6052 4948 5050 6051 5371 6052 5326
IMPOSSIBLE
IMPOSSIBLE
IMPOSSIBLE
IMPOSSIBLE
6433 3038 5431 698 4296 3381 4705 101 6433 5004 5222 2063 2122 6002 5622 1068 6433 1747 228 820 757 4250 6433 5223 4523 2847 6433 6434 5047 5742 3456 1121 4158 1140 6434 3467 649 3581 6253 6433 3967 2925 6434 2173 738 6434 6433 5322 2051 5689 3534 4096 1135 23 2486 5608 5598 5088 6433 6434 6434 5458 352 6433 5070 6434 2810 6400 6433 5052 4122 5324 6370
IMPOSSIBLE
IMPOSSIBLE
1906 2011 2012 1835 345 1487 202 901 1862 1991 1382 1396 297 526 2012 2011 361 923 1326 2012 1577 1633 703 2011 2011 1792 2012 2011 676 889 2011 2011 2011 2011 270 1745 1505 2011 1790 914 1524 518 361 1712 927 143 1392 99 1346 1173 2011 1956 2011 965 8 1231 1300 167 1611 240 1097 2011 1446 309 2012 1775 2011 545 827 508 1299 2011
IMPOSSIBLE
112725 39876 112725 112725 112725 112725 98676 29692 6902 35420 112725 112725
IMPOSSIBLE
IMPOSSIBLE
5870 68 4542 3397 11477 5522 13377 7782 13928 13098 13929 11420 10185 2123 13928 13628 13928 13929 13928 13929 8299 13929 1522 4912 13929 11761 2051 12565 1056 6523 13929 13928 11708 13928 13929 13928 10635 13928 2292 2691 12730 8206 11165 4839 6056 5146 13929 5620 8523 13080 12803 5236 8727 12384 11547 793 3290 8049 11482 13928 11893 10424 11479 8859 13543 8594 4116 13929 13928 13928 3710 12033 2234 13928 13928 12980 1738 13929 13928 12216 1325 4318 13929 7853 13928 13928 7839 13928 13928 6772 7828 13928 12073 6541 12464 7086 13928 13929
IMPOSSIBLE
13725 13725 4014 2149 9860 13726 13725 11000 5583 13726 2946 9817 4068 5867 1125 13726 4566 10092 13725 362 13326 13534 13725 6972 6554 7170 3660 13726 13725 13463 13725 6118 2293 9710 11814 13725 12570 11919 13726 13151 2002 8643 13725 13725 682 3404 4499 13725 4346 9584 4350 6945 11797 7975 10617
IMPOSSIBLE
44429 39920 38660 44429 44429 44428 43726 24286 37157 15611 44429 44429 44429 20699 31280 27319 9341 4888 4939 10237 24108 38396 44429 33691 31004 20820 27744 7140 12174 5221
IMPOSSIBLE
2006 12695 17687 15521 1802 6504 15245 17688 10235 17688 15165 17688 17688 17687 5821 434 17688 16731 7767 173 17688 17688 6089 17688 14738 13169 17688 9530 8691 17687 7713 14896 10504 4355 11454 14725 17687 17688 17688 9032 17688 11980 5760 17687 17688 13474 14753 17688 17688 15803 16463 17687 17687 602 17688 17687 17688 17688 17687 17688 13867 9346 7128 8191 8660 3745 5685 17688 17688 17688 17688 4826
1242 13367 6910 2063 8488 13368 10098 1630 12682 8308 2022 12689 5020 9693 8374 8177 12403 8300 9195 4234 748 13367 5587 6741 10167 13368 13367 12823 10740 12463 11763 8847 13367 13368 13367 13368 969 13368 2105 1069 13368 13368 13367 13306 10000 13368 11345 8860 5169 12841 11895 6153 5987 10592 13367 13367 3178 4784 9028 12244 4427 7820 13367 11107 8675 13367 4226 6144 13368 13367 13367
IMPOSSIBLE
65477 48054 108176 34958 8678 108177 108176 108177 78696 91840 52670 44154 33719 40975
IMPOSSIBLE
73710 24874 73709 73709 73710 73709 32614 49691 30485 50341 1205 42898 19879 58455 32133 73710
11482 23809 20952 7112 26092 30787 13566 32082 32082 32081 25896 28792 26774 8620 23016 11429 15253 8958 32082 32081 32082 5838 11475 15556 638 15934 6564 32082 18021 20658 5065 24224 32081 13875 31026 32082 32082 26183 729 2709 13885 5264 19260 5335 29889 32081 32081 6581 32082
10267 19451 22792 22876 18909 4548 18929 15548 4357 6405 20303 1269 20412 22876 7255 16829 18705 22304 1150 22778 8084 20052 4576 3186 17931 7325 2103 22876 5594 22876 22622 22855 11283 16506 9614 6239 4736 14110
IMPOSSIBLE
12518 10610 11118 4470 13444 8473 3405 8454 7183 12757 4198 8116 8401 1836 9980 6622 11017 13444 2012 13253 7563 1197 13240 6186 5896 13216 1802 13444 13444 13443 4588 8766 2037 8417 2729 11985 7666 2757 12023 5899 2724 13444 11886 9414 11282 5838 4878 10116 7657 8960 9671 1526 13444 228 4654 5204 5555 12785 13443 4789 12224 1813 1392 9144 1138 11347 3031 7779 9393 1726 2702 960 13443 13444 6483 473 13342 5293 13443 933 11475 11528 7408 13328 9927 13443 3094 9405 11083 7691 9826 10836 5406 6593 3978 5114
4566 51959 43680 9589 51958 51958 47373 51958 8998 51958 51958 23767 51958 45274 28882 28723 12571 51958 51958 31614 8029 30818 36979
IMPOSSIBLE
IMPOSSIBLE
IMPOSSIBLE
4829 13517 6877 1123 1613 3106 9487 12766 7215 4699 1504 1866 5612 9149 10114 13767 8187 13767 7022 1961 8356 13766 11005 13767 12518 2081 13288 7239 6236 6345 2796
16444 6919 16443 16443 7952 11541 16444 11836 16444 4830 8668 16443 2662 16444 16444 16443 7841 12073 1407 16444 15650 16444 11297 16443 16443 6411 16443 16154 16444 16444 14724 14374 2442 14185 3797 2129 16443 16443 16443 9541 16444 16443 12635 13693 12619 11685 14114 16444 5852 15709 16124
994 2523 5681 874 5798 5798 4627 4831 993 409 2937 2157 5600 819 4721 1753 2777 4937 878 4152 2164 1012 2837 805 4185 1139 2376 391 2821 5798 5799 2027 1145 4767 5798 2086 5799 5733 5798 4381 392 5798 3662 3747 740 1768 2753 607 5798 1166 5799 5250 3088 5799 3507 5798 4627 5799 3358 4124 2560 1336 1744 480 2430 5798 5798 5799 2480 1396 5194 2089 2626 5493 5546 5799 468 5799 5493 4274 3714 2958 5603 5799 5751 127 5798
27268 10332 27267 19058 14955 5001 2614 7508 27267 26694 27268 15229 27268 5984 27267 12156 27267 20984 5663 27268 27268 27268 15158 18978 27267 27267 19546 281 100 3009 26182 3142 22866
23808 9655 9211 12899 23809 19824 23809 11344 23809 23182 5788 15406 7964 21069 11902 9619 22527 23809 19992 9674 20047 16966 1096 7862 23713 22389 1968 3074 6333 23809 21546 13905 23808 13206 21582 4301 23809 14734 17349 2765 7856 981 9309 23809 3370 10905 16966 23808 280
IMPOSSIBLE
893 1097 1091 1098 1097 1097 1098 988 1097 863 889 1089 1083 996 36 215 289 159 1097 1097 343 386 115 1002 930 301 676 410 754 1097 1097 1098 1098 429 666 1075 1067 1097 611 1098 674 601 1098 922 474 1098 1098 737 1097 1097 1098 219 926 1098 1098 196 1013 1091 1098 1097 1098 1097 554 1098 1047 1014 716 1097 1002 642 198 855 1097 885 701 363 603 899 1064 1035 1097 309 1098 393 1097 1097 430 1098 421 81 1097 329 1098
2383 1844 11251 6556 2286 11251 9738 8534 6550 8947 8205 2571 6791 7370 8938 10213 5517 6449 11251 9723 11251 3006 11251 8375 4070 11251 1499 4255 11251 740 588 11251 10509 4598 11251 4849 11251 11251 10775 2930 3493 9066 8349 306 11251 6971 9100 3625 11250 10008 8742 11251 10441 6453 1853 11019 7065 1799 6441 9180 5556 1388 11251 11251 8382 11007 5519 10502 8994 7963 10416 11251 291 10961 6854 11251 6067 11250 11203 11251 11251 7958 11251 5975 10262 9323 11251 1707 5707 6319 10030
8585 6595 2015 1665 8585 8585 4952 3554 6911 8586 490 8040 7463 8585 6107 7111 5586 1084 7660 8585 8586 5163 5749 8151 6792 597 5647 8586 8586 5336 2111 8585 8585 8586 4005 6636 3833 2439 3691 5351 8586 3380 2281 5958 1845 5996 8586 4708 7626 8586 633 6512 7119 8284 1053 162 8585 8585 8343 8585 8586 1579 3589 8084 4261 5614 4337 8586 108 5400 8586 1313 1026 917 8585 8585 8585 5275 1425 7595 8586 8586 8585 8586 7889
IMPOSSIBLE
6237 902 6606 2176 7184 745 3511 7184 5332 103 3275 1380 7185 4760 4550 5495 1525 7115 4711 7185 5577 3574 4199 7184 1172 901 3764 3243 943 5253 6815 3758 1456 2056 5217 350 5678 5272 3483 7185 1022 6487 808 4873 4890 4130 7184 7185 2396 5345 7185 764 7184 3084 7184 1165 2284 4759 5294 2368 7184 647 2794 5019 3747 3540 4027 7184 2643 6693 519 4593 7185 5881 368 6428 6001 7185 6788 4760 6073 7184 5007 3482 7184 7184 6377 3015 1407
IMPOSSIBLE
IMPOSSIBLE
IMPOSSIBLE
65900 4003 35056 57929 41966 8518 57360 29226 16446 44211 58209 6436 61748 61320 58518 6890 6533 45469 12520 18297 10983 43254 11279 18837 65900
IMPOSSIBLE
12056 6914 18796 5023 18443 2044 1755 17525 7886 17368 6133 1892 9110 4520 13381 10831 15023 3094 15402 4134 13106 13370 512 7080 13887 16673 8177 16901 9343 17455 2528 12875 18796 1452 13867 12668 6421 18796 3914 14704 3505 2475 3397 940 7397 2232 12276 12944 16935 18796 16378 10108 12138 2598 11491 17608 10444 11211 4521 15717 17644 18796 18796 8475 18548 18796 9870 17251
IMPOSSIBLE
IMPOSSIBLE
IMPOSSIBLE
34800 31473 11837 15590 34801 4658 14627 34800 19830 34800 34801 13259 19291
IMPOSSIBLE
9357 8664 6813 9586 9586 8550 9586 3414 9586 2688 9586 7784 9258 9586 5620 4756 8906 9586 7222 9586 1909 4732 6739 2173 4997 9586 4640 5583 9585 4351 9586 6580 477 4258 1723 6319 9586 400 4837 9586 9570 1188 5371 9585 9386 8458 9586 3379 9586 9224 7938 7108 8614 9586 9586 9586 3898 7965 9586 4858 9586 9586 9586 4182 6110 1022 3920 2486 1290 5977 1961 3894 9031 1154 2365 9177 9586 2066 9586 9586
609 1266 1265 1265 822 438 487 439 37 1197 1116 804 235 571 1061 1110 822 482 659 128 123 897 58 500 1265 317 1225 1016 1266 1091 656 1266 1266 683 1132 1102 1080 10 373 1014 898 1155 896 1014 1262 741 177 436 711 1266 488 395 614 924 1076 197 139 896 865 655 1266 526 1266 438 769 996 925 1266 278 89 327 537 1265 1266 191 981 841 669 523 1032 980 140 230 1265 1010 370 166 1266 268 447 1265 1005 1036 737 496 277 985 1265 1250
64753 7829 38704 48103 39523 68332 52219 48465 61278 13350 45458 13889 55161 1986 14019 28516 44692 7988 13592 7065 61744
14703 12440 9047 19036 19036 13630 19035 8914 239 14483 19035 19035 10553 19036 13699 14693 344 6956 19035 11685 17345 5689 19036 5395 19036 14449 12537 13850 19036 14605 8453 19036 6721 6314 11849 8208 19035 18839 17213 14179 19035 4076 17020 4470 19036 12132 19036 6053 6165 19036 1633 6088 3646 12205 11453 55 19036 121 17533 6164 17009 13935 19036 11106 16035 18794 4259 13101 761 19036 6754 5160 8524 19035 19035 13214
19858 15920 3855 19859 19858 12660 19859 11469 4969 19858 9922 19858 19859 19858 13150 19858 19859 19858 19859
11461 5223 9911 11743 4685 3584 11743 8767 1102 11743 4217 4144 11743 11744 7425 7992 5804 7101 10198 4994 3826 11644 11744 11744 7704 11743 6819 3792 11743 5447 2638 6411 11496 10844 3452 10847 11147 8347 11743 11743 6587 11743 5222 11744 4017 11744 8766 2898 2081 6519 2897 5188 2158 7109 6527 131 3144 2961 11743 5572 7744 7417 9699 6497 1368 10588 6968 9287 9128 11743 2406 11744 11743 7233 11743 11743 4268 5588 7522 10713 11744 7193 3602 1668 7564 7066 11743 4924 6800 7039 11744 10429 8503 11743 9372 11624 3335
IMPOSSIBLE
725 2092 486 551 2577 1719 1837 1757 1659 1151 1280 2873 2054 2517 124 2822 1795 1174 761 2106 1937 2575 2873 1764 391 432 1284 2612 128 2727 107 1219 950 593 1499 2639 2873 2822 2352 812
10225 1563 5805 6049 4938 6356 2054 5434 10957 3173 9340 4509 10000 7230 13110 8384 234 11103 13110 12923 13110 1527 8099 11821 12177 12411 4207 6300 13110 11385 10798 9512 9285 257 13110 10408 7614 12241 12095 6903 1072 10268 13111 8516 1232 9840 2465
96 2893 661 3276 3278 4784 692 3715 3943 2685 4785 2068 197 3007 4627 1196 4784 476 4785 1068 4722 4030 4784 3994 88 863 4784 2010 2206 705 1520 3175 1700 4784 3383 4784 468 1740 2755 3602 3849 4619 4604 3096 2104 4164 2396 4049 1829 4784 4784 1692
7915 2544 3954 11008 5568 7695 11729 11729 11729 11729 9490 11729 7516 11729 34 2331 11729 5070 11130 11729 8283 11729 11729 3510 9872 7646 11729 10981 7666 8820 11729 948 10041 11508 11729 11729 8156 11728 3669 11729 11729 5098 11729 10026 11729 9361 6162 11728 11729 11729 11729 11729 11729 8060 3961 11729 2975 11728 1411 11729 11728 7569 11729 8481 11729 11729 11533 11729 643 8686
IMPOSSIBLE
IMPOSSIBLE
IMPOSSIBLE
IMPOSSIBLE
IMPOSSIBLE
IMPOSSIBLE
IMPOSSIBLE
3188 3188 1056 692 1009 3189 426 2738 3189 1791 769 3189 2066 1254 3188 3189 1535 762 3189 3189 300 2447 3188 3188 3188 3188 3188 1344 3188 1716 3153 1850 3189 2681 3009 1152 1146 3189 3189 2512 1118 3095 453 3189 3188 3172 3188 3189 3188 3189 3188 837 3189 3189 3021 2459 1480 2018 3188 987 3189 933 3189 1372 1674 1477 2488
IMPOSSIBLE
IMPOSSIBLE
7241 18955 27422 27804 23833 9745 15979 27804 17764 22347 27804 27804 24434 21480 9916 18545 27804 15554 14345 17361 11376 27804 20965 15966 5887 10814 26100 4398 15222 24334 1548 11893 4602 18279 22666 13162 21586 6227 27804 1566 16377 27804 1787 15346 14580 5158 19805 27805 21445 25562 8831 15314
8158 29699 33236 32306 33236 33235 8616 14655 33236 33235 32814 33236 33236 33236 11268 32288
15992 3673 7330 13696 11413 15993 3598 15357 15992 15992 15993 15992 15992 15992 15992 2892 6392 12973 13692 2605 12627 15992 11092 8942 15992 2848 15992 6768 15993 15993 9413 15993 6277 15992 12743 9072 14572 2500 9656 5626 11395 10580 14940 7034 15992 10207 10085 15992 13172 1162 15992 2674 15992 13020 4810 11982 8119 5103 10958 2632 13810 1368 5458 11613 15992 15993 15992 15667 15992 15992 15194 7914 15993 15992 15993 15992
9112 9113 3601 6658 4513 106 4374 9112 6117 9041 3742 4487 9113 6917 9112 7321 3750 302 9112 7907 1560 3429 3219 1218 2327 9113 9112 7264 5550 9113 1990 9112 7854 6329 7444 1972 9112 8252 8713 2602 9112 9112 9112 3479 9112 4757 9113 115 5787 5147 930 1653 904 7170 2962 8984 7054 1662 9046 9113 9113 9113 8324 7195 9113 4035 7159 9112 9113 9112 8055 9112 9113 5495 7548 3376 2583 1631 6602 1576 6765 5208 9113 1649 7802 456 9113
4221 7205 1171 8609 1462 11622 11423 11708 2758 2449 10066 9075 4495 11708 1220 6379 11708 2231 7487 9537 2688 5789 8551 10359 5573 11709 10442 114 668 11544 7688 11709 4866 9295 5341 470 1761 7711 2721 9892 2159 11708 2024 8680 1437 5653 7274 6773 11708 992 10543 10166 2937 11709 7714 733 4065
45660 51985 17157 22538 51985 1447 23914 34550 51984 11738 51985 12911 44536 51984 17423 51984 3847 51984 51984 35864 41514 42649 51860 51985 51985
5892 3078 6418 6618 2292 4375 2892 2955 3434 4371 6581 6618 614 6618 2871 4464 3230 5631 6618 6619 6618 6618 339 1546 138 2763 2296 3235 4228 3544 681 1200 1255 1010 2398 5142 4538 4637 6618 639 4480 3963 6619 275 2909 1015 6618 603 2219 5131 58 6619 4585 6618 6353
IMPOSSIBLE
IMPOSSIBLE
IMPOSSIBLE
IMPOSSIBLE
IMPOSSIBLE
6502 18655 13888 18655 876 1145 8926 396 18655 18655 15767 12762 18655 13934 18655 8626 18655 14508 18655 18655 7962 18655 18655 10821 15958 15630 18655 17600 7032 8904 14742 8927 7647 18655 15091 1488 18016 4013 8590 8572 18655 15485 10452 9643 18655
19825 5979 14958 7749 20204 20205 20205 20204 19435 20205 20204 9046 11099 5381 18184 2560 20205 17287 14662 15147 20205 20205 20204 20204 6570 20204 10423 3547 5689 19243
IMPOSSIBLE
IMPOSSIBLE
IMPOSSIBLE
36999 25476 34478 36999 36999 30182 9510 26524 4651 36998 36998 25142 11395 36999 24600 21932 10835 36266 13010 36998 5175 25787 32340 36998 36998 3769 36999 19610 36958 6332 36998 34174 17856 5558 36999 6492
IMPOSSIBLE
27216 31180 17087 17252 31180 7641 22574 31180 31180 12246 31180 17868 15168 31180 31180 31180 26165 24016 31180 31180 12896
IMPOSSIBLE
69 2157 2157 424 323 1819 1232 1568 2157 1440 1109 573 1577 2157 1039 1865 1022 1866 517 2157 2032 2014 805 181 1421 1201 1496 1826 1025 2157 891 1104 896 2157 726 2157 917 2157 1859 2157 905 1731 2157 2157 816 316 1231 1628 681 1992 2157 943 989 2157 2157 366 627 850 2157 1599 1681 868 2157 839 2157 1042 2157 2157 2138 2030 2024 2157 1954 798 341 2157 59 2157 109 308 324 565 1113 2048 1523 2157 1856 2157 818 1445 2157 233 1604 1317 2158
IMPOSSIBLE
14973 31730 21785 18932 26624 31729 6316 4747 13009
2766 52 2383 3224 3224 3224 3224 539 503 1838 3224 3224 2791 746 1736 1808 2091 2484 1528 244 2424 1001 1061 207 2176 3100 479 1035 3223 442 1112 3224 3223 1106 1250 3223 622 3224 2188 1724 2866 2920 3223 3224 3223 1129 944 3139 3223 236 3224 3223 983 2127 709 1910 3224 17 2907 2923 3224 3223 480 3224 288 878 1665 2688 3031 2526 2421 3223 887 639 1744 3223 3224 3223 809 2781 80 3223 899 3168 2675 2628 2402 3224 1683 1430 1102 3223
216 8 400 26 556 381 561 443 481 203 96 561 560 509 403 561 561 77 560 39 481 560 561 477 26 561 561 199 220 190 363 60 128 52 342 239 272 556 560 561 304 273 20 299 90 252 211 493 206 446 542 340 329 44 397 345 33 215 320 561 561 30 392 451 490
IMPOSSIBLE
1584 582 250 2033 1916 3053 3371 594 2089 940 1437 56 195 3371 1392 1462 3320 3371 2019 2663 845 3371 3147 1324 3335 1284 2795 982 807 2114 361 2732 1960 3371 2523 3057 2846 3103 1 2108 2926 558 3043 342 2960 3372 539 1615 3184 400 946 2408 3372 3372 1323 1852 1384 2370 3372 3198 1375 3372 20 3371 2394 3371 114 3042 273 1977 220 1100 2682 3372 1637 2952 3339 2845 265 885 3115 2576 3371 256 3128 3372 683 1074 3371 3372 3231 2074 513 3104 908 2559 508
15079 16212 6003 14311 9364 12267 11073 1607 13117 9621 8354 16212 3471 13381 2204 4365 13235 12678 14896 1530 14747 7589 12886 3720 1754 9025 5778 7931 1205 5637 7625 4197 1768 8936 1775 12415 9368 3122 280 2136 7874 6079 14230 12676 548 8631 3925 4120 14334 16123 7844 254 11734 5505 16212 10280 9690 16211 15131 1360 12562 11194 14743 7996 3342 9554 10456 10996 14766 8098 4580 5327 12504 1935 11032 9663 4985 12013 3511 6762 4164 11198 13378 116 14595 14216 4640 13841 9644 6012 7218 9009 14193 14741 7029 3576 2722 6938 14299
IMPOSSIBLE
41 416 455 44 332 196 112 455 312 356 455 456 365 455 62 190 49 51 268 411 366 456 455 1 164 249 231 236 14 455 386 373 456 259 455 338 241 67 51 398 408 213 27 447 455 3 455 412 370 398 411 276 244 428 101 111 291 430 455 411 55 4 212 35 455 181 127 41 455 303 404 6 211 455 22 456
IMPOSSIBLE
2833 16804 1135 20373 13648 11755 13962 4236 20373 16362 20374 17047 6054 6207 9881 20374 12936 9765 758 20373 20373 18374 20373 8496 12203 20373 20373 20374 18091 20374 6889 16726 15523 20374 8555 3319 20373
8419 14261 9193 2082 2392 14536 14535 854 14535 8366 10802 4577 1980 9417 8646 6835 2857 14535 4890 8082 10564 3926 13319 14292 14535 14535 9599 10881 14535 12283 314 4064 1884 9315 12520 11778 11506 14535 6320 6940 2187 6194 14535 1236 915 9439 3113 14535 5562 9256 7695 14535 9852 10162 4767 11427 14446 14004 14535 8325 654 8956
IMPOSSIBLE
1035 22312 1822 1373 22312 22313 6213 14126 16582 9762 22313 22313 22313 17332 21474 5814 16375 22312 22312 22313 10670 14344 3730 20615 17848 11380 15660
32035 19198 16393 27767 56851 45295 50797 52352 22418 44786 30088 3221 33568 4671 55774 32735 11025 27206 19349 36972 56850 39922 20395 1294 355 30007 10850 56851 27454
5613 20529 4696 20530 14222 20529 10321 19484 17478 8982 20530 14585 20530 6592 20530 17764 17036 19895 774 13310 16960 18549 20529 11955 20529 17990 8682 20529 1095 458 20529 11276 20529 7358 18458 20529 20530 20529 20530 17414 11641 20529 20529 6127 20530 6902 18832 20530 20529 20529 19863 8610 12216 20529
8673 5965 6145 8672 8673 2857 5994 7289 8672 8673 8673 8673 5916 7904 8539 422 769 8672 3422 8672 7132 4294 7982 5745 8672 7293 2331 4444 4002 8672 2240 5315 3751 5785 3644 8672 197 8672 1336 6358 1747 5747 4664 5618 6246 2676 5107 7437 32 4398 8672 7930 1792 3082 1706 856 8673 8673 8673 245 1571 1985 2166 6262 2167 5334 1854 8195 3740 1153 269 3304 8673 7862 5936 3185 733 7801 7770 8672 4120 2123 5743 7645 7112 8673 8673 8405 8672
3492 3183 8345 5652 321 5022 8345 8345 4119 6960 8344 3789 6219 8345 8345 8345 4879 2257 1529 5176 4040 3112 5679 2202 3485 6577 3810 500 8344 2632 3100 8345 8345 4163 8344 1083 7129 1484 2119 7475 5074 8345 8344 4163 6971 8344 1217 8345 8345 8344 1386 1353 3707
10684 5455 1133 11304 14740 11386 13255 6788 14739 1634 5216 8629 5948 11529 1988 369 6690 14739 1778 5204 14740 11202 14222 10874 13715 7551 83 1377 70 13101 3211 2633 4633 11453 3550 7187 4503 8918 3083 14740 6812 8437 6891 14739 5717 13426 13544 1009 2650 3630 9289 8928 13151 4677 10463 14740 13029 12015 6887 14554 9106 2634 6125 9112 7577 5455 14740 7788 12897 1790 9385 6102 10701 10596 7945 11439 9979 1867 6539 8402 6422 5718 7049 3991 555 10235 473 990 13125 1735 3386 7083 11897 7136 7113 4863 8707 10743 6991 13353
82 48 236 25 148 241 75 294 76 25 86 99 283 273 295 75 294 290 36 134 217 181 209 23 16 294 237 80 159 42 156 205 165 154 96 164 82 185 155 81 142 198 36 238 294 194 143 273 31 92 49 97 14 228 131 273 295 46 136 43 138 292 207 219 49 264 96 92 294 206 248 294 227 208 294
5407 7323 4558 2189 7323 2606 4595 7323 7323 4458 7323 7323 6861 6204 7323 6336 6983 7227 158 877 1434 7323 7323 7323 1562 3625 7323 7323 7323 4406 1305 4678 7223 1973 3957 2062 4790 6655 3421 6024 7323 7323 5556 1122 7215 920 903 6493 3357 7119 7323 6676 1277 4233 7324 7323 48 7323 2075 3534 7323 4896 7323 1262 1189 7323 6258 1474 7054 344 4766 6954 3062 7323 3956 5859 7323 7323 4294 7323 204 4089 4045 2872 297 7323 1726 953 5697
IMPOSSIBLE
IMPOSSIBLE
59438 44663 33371 38856 31917 26844 39136 15326 67329 10339 23568 73726 20903 8527 10579 13970 42453 73726 34940 49562 48833 58931
5228 1678 6618 2932 4264 8087 8877 7125 5073 6029 10315 6538 7142 10314 9567 9206 6800 8599 6802 10315 10315 5699 1727 6884 5604 2004 10315 10315 10315 1553 811 2299 7166 9972 10314 344 4415 2561 10314 9368 5408 2462 8903 3497 3374 2728 1749 10315 7697 6643 4954 8890 3328 10315 10315 7553 1565 8541 8863 10314 2404 10315 8915 8823 2435 10314 10315 5173 2183 10314 6019 10315 2439 1263 1814 9896 3856 5959 3205 10314 7382 10315 9785 8113 10314 10314 10244 8784 723 3784 1630 10315 10315 2862
IMPOSSIBLE
5819 8624 1570 8624 708 7295 860 8624 5891 4352 6259 5091 4555 5081 6541 1187 881 4776 5432 5425 7997 8624 8623 8358 7165 5139 2693 8623 8624 2747 8494 4265 58 8624 212 2655 8095 5714 8624 7443 3523 8624 8623 2030 1293 8624 3346
IMPOSSIBLE
4720 2865 6293 7546 2352 3777 8601 3891 2653 299 7737 8395 7217 1566 1498 4878 3466 7966 2213 552 8034 7963 6772 3505 8602 3951 2188 3150 8061 2826 1384 4515 7625 2061 1710 7306 5745 8601 8602 6901 337 6216 7567 5914 1591 2240 66 6708 8381 8033 8215 5089 2531 3626 5837 639 3321 3096 176 7216 8601 3692 2416 3875 5487 7468 3134 1549 2927 8520 8602 3365 4014 507 4871 7824 214 2901 5243 6654
16262 8671 15302 25111 24026 25112 12281 24176 2840 24532 25111 25111 23049 25111 21148 25111 2133 25112 25112 25111 25111 5078 25111 10439 11362 25112 9358 25112 18605 978 25111 9719 6323 25111 22528
839 5907 5519 3192 2422 2198 1588 1975 2552 3230 1134 5842 6127 4851 5708 6302 276 5466 858 432 4966 5357 5023 2310 15 4846 4143 622 4356 780 1879 135 3222 4222 6302 214 577 4849 304 1160 4327 6302 6302 5591 1882 5209 5190 3503 2716 2832 5918 1948 1614 5762 4880 5385 5854 4971 5104 3494 1639 4833 117 121 594 2549 2214 6302 6301 6213 1380 5751 2087 2034 4226 6055 4921 131 327 1065 1258 4143 2451 5104 905
7963 5572 6667 5794 7963 2685 7963 7963 1865 3528 7958 3695 2947 1367 7964 7963 3520 7964 7964 7963 7963 7254 7963 7963 7963 2592 7200 23 6018 2748 845 5489 6969 2393 5543 6549 4403 1717 1173 2344 4517 7964 3099 7542 4473 2136 7963 6771 7964 5166 4113 7498 543 2289 7964 7963 7964 7964 1761 5946 6565 7963 3277 3726 7223 7964 3178 2433 7964 1098 4453 6942
90558 16062 90558 79729
IMPOSSIBLE
IMPOSSIBLE
IMPOSSIBLE
IMPOSSIBLE
22328 15471 22327 1755 3920 17275 13706 5048 1558 17975 22327 16773 16752 22327 6167 15439 8034 22327 6098 22328 8820 19378 22328 1365 19592 22327 22327 7935 14752 20393 5749 22327
982 356 285 2602 2224 815 2242 2416 2696 2696 1862 637 1551 426 973 2641 2696 911 1537 582 1344 2575 2184 2696 2469 212 2481 607 2696 2015 1028 2038 769 1213 832 2385 2696 2696 1496 121 1693 2068 83 654 1906 2036 1287 1360
6681 8844 15419 15418 162 15418 13719 15418 13326 8816 15419 6647 2573 3253 9039 15418
3331 4230 4443 4444 4444 4444 1595 1410 2882 4212 4443 2043 4119 3534 4443 1778 4443 4443 814 1833 2362 3256 793 303 4165 519 2605 2595 4443 3675 1771 1882 2107 3660 3056 32 4443 4444 4443 1596 3430 1488 2057 490 4443 4443 1910 4444 2365 2263 2238 3050 2793 2075 4234 4443 218 4443 1048 4444 4443 987 2103 1712 1596 1162 2898 4443 4443 4164 1356 3200 2991 2981 2812 4443 360 4154 3760 4443 2921 4300 2366 4443 4443 1665 2058 4443 4443 80 1533
1834 6158 6158 470 6158 6158 6158 765 4299 3724 164 6062 6158 6159 5996 3869 471 721 6158 2577 6158 6158 6158 6091 5842 4809 3334 2104 6158 6158 727 2595 5805 6158 6158 3935 5492 6159 2545 6158 1053 1152 4417 6158 5910 2968 3292 6158 6159 1711 4994 5041 6158 6158 539 4514 6158 6158 1824 1862 2618 1445 2028 628 6158 6158 2757 4954 3702 5837 2532
21340 21339 21339 5055 14641 21339 10128 12955 9893 21340 19281 19985 15470 21339 21339 21339 21339 21340 19122 21339 21339 11738 12042 21339 21339 21339 21339 19140 21339 21339 21339 13667 21339 1468 21340 5285 21340 21340 21339 11928 19957 16886
8208 3129 6055 8207 8207 6956 2505 8207 3509 8207 3097 6929 8207 7805 7274 8149 3601 8207 7198 4429 4413 7984 8208 2148 3871 7722 8207 569 8207 4847 2537 8207 8110 7041 5377 4302 3177 4866 2225 3033 8207 8207 3356 3315 8207 5400 2223 4656 6671 86 4385 7155 8207 4470 8208 8207 8208 8207 1591 8207 8207 8207 3818 7117 3436 1072 3706 5516 2306 5083 8207 5610 8207 8207 2727 2060
IMPOSSIBLE
IMPOSSIBLE
1603 5673 6429 1185 2610 4098 5741 6233 6429 2366 6429 3252 6084 2477 4603 2912 5555 6428 3651 6428 6429 6429 4728 1425 6429 1757 6429 4349 2909 3124 4128 3363 4072 6429 6429 951 73 1212 282 6429 5623 1091 6429 5786 4901 5282 2813 1239 4964 6429 6428 6429 1846 6429 2869 6428 717 6429 6429 498 3417 5801 6429 4914 6429 1227 6428 6428 1466 1199 6429 1251 3927 6429 435 6429 6429 6429 3753 6429 6429 2768 3628 6429 3469 4173 3424 6429 5925
1651 25497 25498 41 24926 685 21430 23720 11633 17641 17705 6002 25119 7863 11946 19519 14853 25498 2002 18856 253 13879 23361 4084 21740 19935 1178 17696 15497 25498 21012 15708 15689 11672 3974 18243 25498 25498 3064 11944 24980 9482 10622 5063 9402 25497 436 24667 489 25498 13654 25497 16813 579
IMPOSSIBLE
116 69 91 44 107 116 81 34 98 69 116 95 115 105 64 33 38 116 116 111 77 116 86 27 115 116 12 24 115 22 108 116 115 105 116 116 4 91 75 85 74 116 44 116 18 99 52 115 116 55 43 115 108 104 81 115 73 8 58 94 115 14 64 72 11 107 101 98 116 105 78 32 14 86 92 82 115 35 115 115 6 116 41 80 115 30
15332 15332 10633 11877 15332 15332 10693 7785 9786 15332 13172 11671 2947 7982 12541 5840 2353 3301 11277 6011 15332 11691 11368 15332 8280 4475 15333 6223 2596 7451 7890 2201 5192 14648 11738 4349 12035 15332 13982 152 8335 11015 11824 13292 512 15332 15332 15332 10279 7243 11867 12158 4282 15281 15333 11456 7376 15332 12113 15332 13955 5271 7984 1603 468 15333 15332 9270 8105 5723 15332 15333 14483 4592 13952 1145 15333 8526 12289 1405 1347 11258 15332 155 8435
101 465 655 611 41 607 655 360 161 605 655 656
IMPOSSIBLE
IMPOSSIBLE
IMPOSSIBLE
IMPOSSIBLE
56901 57467 57467 57467 57467 57467 57467 1990 21533 42143 57466 57467 57467 57467 57467 57467 57467
6182 2709 2790 5044 2636 80 4779 4721 1104 5665 3964 4976 644 1641 5051 6181 5578 6182 2585 4487 4442 6181 6181 1068 6181 3173 993 4788 4373 6181 5051 454 4991 783 5857 6181 6182 5991 2958 4461 999 5382 3826 2358 6164 6182 6182 5958 6182 6182 2597 1200 6181 5762 3299 5717 4213 5463 6182 4230 3188 6181 823 5524 1059 810 1435 1265 1177 5130 5410 298 3602 4329 4289 1841 1802 1446 3971 1274 6182 1268
7109 6348 6573 3147 6954 5370 3390 2272 2714 862 7995 7583 7827 8163 522 5207 6164 5495 3028 449 1293 4182 4094 154 1982 4646 5793 3557 7591 8163 503 3207 797 3267
IMPOSSIBLE
11308 444 2329 10375 8623 11307 11307 8578 3421 5287 11307 11308 9087 11308 11307 11308 9125 11308 976 11308 11307 7597 476 7195 406 11308 11307 5048 11308 340 11308 11308 11307 11308 11308 11307 11307 7250 10623 2528 6470 8071 10545 8132 11308 4210 8368 11308 11307 9043 885 7637 1665 1707 9155 11308 11308 9397 2852 8081 10649 11308 10811 10584 9192 6432 222 11307 10076 10025 95 4722 11307 11168 11308 4131 4839 11307 2144 6152 7569 5653 4344 6993 10718 4310 2774 7010 11308 6372 41
IMPOSSIBLE
IMPOSSIBLE
IMPOSSIBLE
IMPOSSIBLE
IMPOSSIBLE
IMPOSSIBLE
IMPOSSIBLE
9604 28830 34072 28486 26911 34072 23896 363 19521 32954 34072 34072 34072 34072 28613 13164 11036 34072 6930 26634 7585 30460 34072 34072 22605 34072 23800 34072 34072 13370 34072 19054 2483 1247 13669 6617 26639 21717 34072 34072 911
IMPOSSIBLE
2131 8859 17221 11931 17221 1133 14952 12396 13636 8184 10890 12890 17221 12001 13353 8046 10211 13425 11591 17221 14135 124 14993 14954 17221 16317 9028 17220 13242 17221 17220 17221 9314 17220 1347 1917 17221 3025 11388 1812 12584 4314 10425 2417 15600 15002 17221 9372 13195 3691 11210 14020 17221 8734 3752 2073 6693 11331 11616 1372 10821 17172 3721 1398 11601 8285 1625 9430 8186 17221
IMPOSSIBLE
9287 13571 48890 35706 58963 24764 62308 76172 14556 76172 40279 50795 31869 76171 76171 71962 62625 37869
11897 7682 7092 6750 5439 9341 14904 16982 12802 13721 15354 16981 16982 16982 16982 16982 16981 13484 2421 3789 6921 16982 16982 3578 16982 10122 11406
IMPOSSIBLE
69798 119095 119094 119094 119095 119094 119095
9447 2499 6347 5328 8412 10451 8850 10451 5152 1232 10452 9162 9218 9198 10452 10451 9249 10451 1105 3827 5243 658 2110 494 10150 1512 1144 245 10452 9072 1342 7780 8413 10451 7747 6544 4254 5409 4441 9410 10451 4555 403 10451 247 9168 8084 4255 5711 3465 8319 6977 8876 4789 8176 1370 10451 3548 10452 10451 10451 10451 3095 10451 10451 10451 6826 10451 3761 10451 4435 10451 7697 8986 1394 5760 7773 7509 6174 3403 10451 9357 719 206 5217 9630 10451 2464 8641 10451 7495 10452 7384 10163 10451 1127
5463 872 4125 4941 5464 5463 5463 5463 3477 5463 5463 5463 4888 5463 2696 5463 5464 5463 5463 5464 4038 5463 959 3623 5463 5412 2731 4706 5463 5463 97 5463 3982
IMPOSSIBLE
7052 4854 12130 6744 1288 1987 7258 10071 11438 1352 3920 3855 8478 738 7633 532 6615 10652 10925 8958 7421 3481 11348 1610 8634 7360 12130 7914 3156 3857 6516 12129 2097 3619 8026 12129 9202 912 8825 12129 3728 8491 3023 213 9021 12130 9407 9366 7601 11242 6196 2723 2867 9789 353 4300 7212 6045 12130 1304 10511 12129 1018 3150 11389 7986
IMPOSSIBLE
IMPOSSIBLE
IMPOSSIBLE
IMPOSSIBLE
28900 13841 2215 8418 23791 28901 27392 28901 27438 23392 24779 28900 28901 21583 14236 28900 28900 26864 28901 4958 8425 18507 28900 19894 14413 16998 28900 20741 26276 2753 11777 19939 6065 4228 4071 21531 8980 15137 12771
IMPOSSIBLE
IMPOSSIBLE
IMPOSSIBLE
IMPOSSIBLE
681 247 201 592 2071 2071 1526 1157 1276 1968 1361 1600 736 769 1247 637 1712 2071 726 1764 1728 502 793 1784 808 837 94 1513 1253 2019 2072 2071 2072 799 2071 1310 1071 199 686 1231 2072 2072 178 2072 2072 2071 1862 557 849 229 1291 1542 1508 2071 1541 1142 1814 114 814 41 1911 1244 1650 2072 1702 271 637 2071 2072 833 80 82 2071 1869 867
39952 39952 2433 21263 39766 31533 4369 39952 39952 34579 39952 39952 17162 31548 15850 8564 283 34359 39952 10977 33655 38700 14946 38147 26128 12393
3064 3294 873 3198 4117 3058 3638 2175 4116 4117 3192 238 329 4117 2623 4116 4117 179 834 2609 2403 3972 2068 1637 2436 4116 4117
IMPOSSIBLE
5730 5843 12317 5689 5260 11315 7068 13188 10627 13678 8810 4374 7677 1704 5865 5128 8001 9261 11362 9312 11816 4905 2477 4053 7126 13678 9582 10429 13679 6975 13679 1703 5351 7528 11742 229 6156 1930 12078 13204 6033 13679 12947 197 13679 13450 9485 13678 13160 3953 10138 6026 7727 2055 7995 4408 9126 6619 1740 8904 9959 11878 9923 13416 1640 7270 1067 13679 8346 3527 9819 9416 11887 13083 4516 8362 11168 6085 3195 5078 7073 171 6812 3805 7747 13679 6669 7845 2870 13679 8891 13198 11092 9448 8999 13679 13679 4051 4336
IMPOSSIBLE
946 365 2358 2358 2126 1692 1584 920 382 1463 2358 2017 1341 2358 2358 1551 2358 866 2357 483 1224 1866 967 687 1328 2251 1302 1723 2358 1485 1733 1809 2167 1005 9 2358 1430 1976 2358 1270 868 2336 2358 1086 123 2358 2344 557
5250 4279 1102 5249 4653 4302 2613 2578 1661 4243 2375 5250 2823 2382 1791 2350 2745 251 2687 1374 1983 2813 4366 4166 5249 4207 3849 4521 4096 1146 1542 1021 1249 5249 3895 892 3798 3984 662 1032 3963 5250 2295 5250 2775 3028 3589 5250 2521 4682 3339 3174 1376 2099 126 1664 1308 4169 4112 426 5060 4381 297 5249 2431 3388 3721 4989 430 5249 3031 3848 5250 5250 5249 5157 5249 71 4110 5249
6063 4961 9967 13177 12751 8312 664 767 6796 8222 13177 13177 6856 13177 8557 6986 10710 10367 565 13177 8893 10781 5378 7064 7611 13177 6244 4226 13177 13177 13177 13178 13177 10363 316 13177 5038 12112 12319 3302 8076 13177 6572 5529 13177 4227 8247 3117 312 11058 9486 9783 12721 5115 13177 12745 5493 6647 148 12036 7013 2743 13177 13177 1472 12137 13177 3044 8961 13177 13177 10291 11131 2158 3006 10908 5904 3958 1813 4415 8522 1670
IMPOSSIBLE
IMPOSSIBLE
2504 465 199 2665 1700 1822 2665 703 2665 2460 2665 1557 1601 750 2537 2266 2665 390 2665 1490 2665 1113 2172 2665 488 1335 188 1951 2519 1126 2198 2665 2155 506 2665 2344 2665 2287 1973 796 1997 2263 2664 2272 2665 2665 2665 1634 1589 2653 2665 2665 2317 542 2248 718 2665 2665 2085 146 977 2665 2328 651 1770 1801 1115 1983 2664 1460 2076 2665 2665 2020 2234 2665 2665 2665 449 2665
6251 6251 1184 993 4458 6251 5246 6250 5490 5298 5101 6251 6250 6250 1425 3614 2505 691 6251 1451 6251 6251 3317 5 4910 2064 4186 5807 3154 5431 703 4442 4499 5750 6251 2167 6040 467 6251 6032 3590 624 5532 3402 5718 1716 5671 2904 4806 5776 3400 6250 6250 6250
18680 24509 23167 13327 18505 25851 25851 15397 19725 20140 4296 25851 20426 12560 5235 9798 13663 25851 25851 25852 4360 9280 22160 22093 10166 25851 25851 25851 16478 25851 20556 13196 3018 24762 10251 25851 10030 19422 21181
10850 49753 45518 3785 56356 31514 5044 49714 56356 37422 31699 54630 56356 18110 56357 52474 24205 56357 46605 29490 53808 47954 4148 56356 30564 26203
9174 12674 7898 10898 13402 3826 13402 6470 595 6136 10649 8214 608 7285 13402 13402 13402 13402 10984 13402 12349 13402 11838 13402 6691 13401 3150 12717 13401 6444 3883 10717 13402 2537 13402 9039 13402 4248 208 2322 13401 6701 7086 8202 5682 6494 13401 2436 13402 13402 12349 10258 13380 13402 2221 13402 9815 13402 13402 7590 11574 7399 13401 8625 9103 9812 6123 12310 12741 13402 4896 12985
IMPOSSIBLE
18681 19961 21828 8288 11037 16697 7520 3263 21827 2078 21827 7799 21827 460 925 5264 15987 3287 14414 223 21827 21828 11043 21827 9037 21827 3108 1186 7531 9327 12128 21828 21827 21827 20520 21827 14039 21828 11725 4672 21827 2878 3025 4801 21827 21827 4642 5788 19937 11801 21827 21828 21500 20392 8719 4674 21827 11019 17222 21827 4593 17105 7600 4015 15417 21827 16368 10982 10619 15679 7072 7253 19963 1848 5582
IMPOSSIBLE
4701 5657 6019 2459 513 3238 3303 2684 6016 1159 4971 5268 4233 6127 5376 6126 6126 4016 1083 6126 1913 1274 2111 3728 6127 3314 102 250 5057 688 5433 6126 3262 4079 3888 493 161 518 590 4967 512 432 6126 4419 3787 2702 5310 982 2188 1658 2511 4085
IMPOSSIBLE
IMPOSSIBLE
11242 5971 6063 12142 12141 10171 4366 4155 1283 12141 12142 5099 696 9254 12142 12142 2033 12141 8081 11538 12141 4519 12142 12142 7648 11604 6960 11553 9899 9698 19 10233 1576 12142 5457 12142 7340 9322 6791 9876 1799 3054 7943 12142 8458 737 1198 2715 12142 11151 11785 6966 12142 6606 2362 6907 11033 6354 11229 12142 12142 11763 5321 12141 1201 12142 4642 12142 12142 7733 9967 5718 10101 9206 589 3271
1735 1080 835 1735 1215 1735 1231 9 1583 1591 135 57 1735 456 1735 1735 131 1735 1703 940 1268 1467 1707 399 1735 1156 648 382 1735 534 1735 993 1735 1507 1735 592 264 1735 1544 607 321 1062 406 40 1734 1356 1735 1735 1709 604 199 1735 560 1735 1092 105
IMPOSSIBLE
2465 5561 1401 6773 5027 1995 6772 3647 6772 842 3304 1593 5282 1749 6146 6772 2499 2928 3343 3134 6772 6734 5299 1394 6773 6772 1107 2425 5970 1249 3741 2391 6773 6773 6772 4134 6773 1641 4577 6099 574 840 1491 6772 4725 3061 4818 148 6772 4875 4210 5894 6772 2438 3656 6773 5760 4492 3454 1266 6063 299 6772 6773 1143 5627 4185 3186 4890 6772 6772 6404 2649 6773 5364 6773 6773 5 4695 6772 1995 5396 5130 886 3985 5319 419 4812 492 2327
IMPOSSIBLE
IMPOSSIBLE
IMPOSSIBLE
53551 49668 50947 50570 53551 50703 53551 44592 42564 53550 26415 40299 53551 53550 37790 4403 34151
4181 23001 24405 13917 24406 9650 14525 10303 22778 24405 13217 14873 24405 14480 24405 24405 24406 10373 24405 24405 24405 3621 11 24405 4592 14081 24405 22076 24287 24405 20343 24406 24405 24405 19427 1576
15467 15004 8426 8365 917 15466 3767 9721 10892 5098 6469 7683 12820 10292 15467 3058 15467 11298 3631 6293 6349 14898 5735 29 11068 7322 2381 15466 15467 13069 15256 15467 11745 15466 11359 3734 15466 15466 15466 6655 15467 14170 8555 2235 7743 12560 15466 12895 15467 419 2729 9786 15467 4877 15313 11370 15466 10977 5101 2646 15466 5087 12420 8574 3950 13169 15285 15466 12531 10514 15466 13794 6744 15467 495 6780 15466 15467 12067 4986 15467 5152 15467 15467 1154 15467 15071 15467 15466 5834 4751 9674 9566 15466 9994
222 1957 2243 1114 1577 732 2243 1745 2010 1572 1125 2243 489 1975 2243 2243 2243 347 1389 1629 528 2243 838 474 2134 2243 858 2244 2243 418 2243 316 1914 2243 68 307 365 1365 1593 1941 2243 479 2243 2244 2243 1825 2243 2244 2188 1942 1936 2124 308 935 2243 683 2243 2243 1249 2244 1718 1964 1196 2243 1566 269 1329 2029 866 1102 63 996 1403 2243 2243 2243 1371 1574 2243 2244 1619 2051 2244 1561 2243
IMPOSSIBLE
IMPOSSIBLE
21778 21779 11816 21779 19456 16202 9258 20377 21779 4298 13289 2820 21779 11489 21778 21779 8 7600 21779 4859 21779 15777 19574 8327 4515 21175 21779 21778 37 21779 1386 21779 21779 10352 13341 5165 14888 12601 10893 20909 16877 10966 4364 5330 16451 21779 21778 21778 5332 21779 18746 12630 15268 42 14523 15688
8285 2767 4321 7263 1859 4326 2993 6196 6209 5778 6417 9660 9671 3532 354 4602 949 8511 4357 2922 4997 9670 9670 9671 8325 3348 1277 1218 1604 3557 8147 9670 9234 5345 1076 5174 120 2118 8861 8723 9671 4730
679 12771 14815 12939 16444 13220 2191 7973 13059 19937 17557 11641 15523 16027 739 10065 17684 16816 10781 19674 9673 15106 19938 6833 17997 12139 9471 17074 19937 8738 12842 9743 5014 19938 1612 6246 715 17061 14022 9130 14521 16638 1455 19556 6721 11815 19937 19938 452 4796 11582 19728 10621 3357 16380 19938 19937 4541 19937 6103 16360 7120 19938 17858 10282 19938 4858 17184 12126 3718 19938
IMPOSSIBLE
IMPOSSIBLE
20719 6647 2892 20719 17240 2242 20719 13451 20720 8852 14006 12688 1437 15432 2828 17688 20720 20719 5925 18974 3354 8539 12608 18959 9492 1883 1829 17635 17656 16843 20028 13138 20719
IMPOSSIBLE
IMPOSSIBLE
IMPOSSIBLE
47932 23959 60481 60481 60481 42694 60481 57714 60481 57537 9883 55360 60482 50143 9659 847
IMPOSSIBLE
1685 2854 2854 2854 2544 2854 1723 229 2854 2854 1616 2854 2854 2613 2854 2854 1247 321 2854 127 2854 2854 2854 1947 1493 983 2677 1836 127 2854 2854 2854 1012 1005 2220 2092 1471 1570 2854 2854 1746 1410 2083 393 853 2854 2483 2700 2368 2069 2854 2855 2855 468 2854 857 2635 2667 1391 2172 497 1094 1215 2303 2311 521 2854 2854 2033 75 1143 2854 1471 1680 2854 2854 719 2854 2854 2854 2833
4064 1431 4947 3500 4947 4948 1239 4453 4422 4428 4277 4947 4948 4948 4163 2605 3709 682 4948 4933 4948 4948 4160 850 4948 4814 3101 4948 1092 4947 158 4947 1139 4898 4948 3537 2794 4947 1403 2836 4947 3616 4315 962 4116 4947 3372 2759 4394 3880 1883 3355 4947 2385 3367 4947 2976 4948 2551 4947 1684 4948 1924 4419 4947 2861 690 4818 3319 3935 4947 4678 1580 3390 1034 4948 3909 3121 4947 1714 3887 4947 4948 4625 1004 4948 2411 126 2147 3552 1122 4948 4947
19014 23669 26835 24085 19990 6471 24551 15852 26835 26835 26835 26835 21274 18235 26834 26834 26835 26064 26500 26835 6469 22933 9545 5405 26835 22204 2663 26835 26835
11746 29834 11482 7197 13414 7735 42260 2889 40324 52523 41345 21802 14758 29586 6987 52522 52522 42958 43363 45660 30932 52416 36330 14806 7317
IMPOSSIBLE
10417 9223 11769 13316 12770 1523 12943 13317 9649 9553 13316 12704 5469 13316 13317 13123 8778 8756 7552 13316 7818 11778 13317 9075 8507 13317 13316 2296 9654 7386 11983 6038 7129 10372 4006 4067 2323 3655 4307 7415 12335 12712 2056 5164 9652 2618 6359 13317 5570 13304 6703 13316 3191 5668 10837 8962 13181 6079 13316 176 6713 13316 9186 13316
9732 6923 4927 10497 16985 16985 5574 12957 16984 6325 5437 7438 11783 8508 7321 10149 8947 10128 11952 5660 16385 2694 14186 16984 14343 7596 16985 15384 4770 16985 16985 7095 16286 15334 16984 4522 16984 10671 6709 16984 16984 7208 14587 16984 4627 8759 4004 6377 6732 3429 14570 13819 4203 4022 8250 436 13472 16984 7703
2667 1090 812 1641 502 612 1313 1470 3509 2348 482 2610 684 1960 1141 2093 1028 2817 1716 192 2128 3509 3509 2902 527 3509 3509 438 3351 1634 1165 3509 2415 1680 3212 1332 3509 2386 1338 3509 3360 3509 3068 2712 2740 1983 3499 3433 2252 1698
5440 874 2689 2571 5440 3572 644 4526 2208 1726 679 2063 4956 2004 1475 2160 3880 3523 1581 4485 2401 4040 3069 2238 5331 4660 1424 638 4037 5440 2582 5440 480 1806 1559 3152 1274 5440 5441 3862 4005 3534 5441 4263 3377 2208 3469 5440 3870 2326 4699 2868 513 1801 2029 2970 3466 1483 2183 1030 3478 4578 5303 284 3965 5002 1307 820 4722 1547 5441 5441 4431 1748 1827 1780 1214 2661 5187 3345 2524 4013 394 4266 2807 4850 54 1359 384
IMPOSSIBLE
43579 40141 43578 3816 25517 30707 34817 31341 33234 30472 13591 41782 7832 43579 36928 33578 41405 29767 38013 20203 3505 15591 39286 22253 10960 43579 17617 10791 6116 18380 43578 43422 15046
17371 5494 14223 1382 11352 9573 2849 17370 17370 15522 17371 17371 218 8285 13015 3406 8791 12810 2622 13645 15384 10285 11345 1839 17370 11078 17370 14082 9371 11157 66 12709 10893 13262 6763 11608 469 2552 11685 3041 3671 16326 2995 15606 12575 4637 17371 3281 13524 12108 2998 5421 6432 17370 15635 5468 12063 11950 2719 11711 17319 11065 17370 17366 4303 17370 9529 2209 17370 5525 17371 10223 17370 9405 13845 3969
IMPOSSIBLE
IMPOSSIBLE
4999 5000 156 7 4169 3791 4999 4999 4999 4455 4999 4765 2355 4999 5000 5000 688 348 2841 3500 5000 3975 4999 4071 4265 1340 798 4999 4939 5000 4999 5000 4806 2992 2312 972 2779
IMPOSSIBLE
IMPOSSIBLE
14970 20227 20227 18433 10587 16848 14449 12172 17890 8163 7851 19253 20227 6938 15904 20227 19447 20227 6540 15936 20227 2777 20116 14755 4325 13607 544 13722 1229 20227 20227 6976 5167 5184 4565 4336 18860 20227 897 19145 9611 5627 20227 15635 19570 20227 19860 18544 20227 6829 20227 20227
IMPOSSIBLE
8784 30190 826 30190 29696 4472 22024 3105 15222 25484 11384 30190 20874 17944 10614 15999 21603 30190 30190 10070 23677 25825 2088 20850 17830 1603 21923 12235 21833 30191
IMPOSSIBLE
98 2319 2319 1743 2319 1733 502 1160 2319 2319 2319 2319 2319 2136 2319 1408 2319 2319 992 978
IMPOSSIBLE
IMPOSSIBLE
IMPOSSIBLE
IMPOSSIBLE
IMPOSSIBLE
7582 8828 9052 10072 2898 2537 10072 7621 8869 9067 10072 9552 10072 1314 10072 4360 5879 6431 8468 10072 9229 4928 5658 10072 10072 744 1343 6017
IMPOSSIBLE
IMPOSSIBLE
8806 23347 13898 13957 4730 15290 7019 23347 22335 6911 18158 19326 1805 1214 22365 18921 4262 20556 5885 12924 349 23348 14941 2921 6744 23347 10093 4909 23348 5151 13675 12798 23347 23348 185 21748 4558 7088 3475 23347 23348 8579 22260 23347 22600 7558 20080 23348 11058 20591 23348 23347 23347 13611 21698 18940 20975 23347 8 10845 23287 11251 9724 11784 23348 23347
9660 7137 9661 7146 3608 9660 9660 8786 2130 77 2439 9384 9661 6062 9661 4147 5503 8131 1464 2354 9661 3556 9661 9660 3928 9343 9660 9661 9661 8362 3628 8080 3600 1631 8969 22 4262 9660 8321 9660 9661 4332 2636 8821 9660 8263 8972 5020 7048 6669 6128 6336 4051 5978 3776 1614 739 9660 9660 6846 3822 9660 9660 8590 9660 9660
IMPOSSIBLE
IMPOSSIBLE
898 10393 6807 8591 13206 13333 5832 8131 6844 2580 12335 13598 13599 13599 8782 13599 5643 1295 13599 12276 13599 7781 13599 13599 11930 2842 13455 13253 8377 11838 13598 10072 13599 13599 6088 10854 3967 6000 5683 13598 10139 2557 13203 2257 13599 13598 11953 582 108 1149 2037 9784 6945 7614 13599 8242 5607 4399 9862 5747 11780 6147 729 5737 5480 3487 6122 4839 3129 13432 12218 13599 1584 751 5415 11312 3818 8896 13599 4133 13599 11853 13598 13599 12056 11988 3105 7771 3427 3600
257754 186714 257754 257754
IMPOSSIBLE
IMPOSSIBLE
2716 1572 3170 4784 4784 2319 1902 1184 4784 2284 4768 632 1699 3410 2367 744 97 4165 3124 2473 4784 1549 2014 3087 3725
IMPOSSIBLE
43803 12492 43803 18575 43803 9004 43803 24020 43803 19729 43803 31013 43803 43802 43802 43802 21388 43803 43803 43803 43358 37518 43802
IMPOSSIBLE
113984 129004 27716 129003 129003
36001 210641 210642 210641
IMPOSSIBLE
265 127 265 228 264 179 265 101 10 220 265 256 265 142 86
IMPOSSIBLE
53633 53633 53632 30746 37405 45415 24931 1036 34614 15342 53633 53632 16847 42027 17251 22490 13875 53237 7345 53633 52059 53633 13847 25078 51250
1888 783 1964 1320 1964 1813 1965 861 1964 279 1964 1964 945 1964 1536 1964 1964 281 1964 1492 1092 1964 1964 837 771 1964 1799 1228 1964 1577 934 17 1964 1241 1180 514 902 1964
78204 102642 68980 95133 59847 102642 36207 44768 102642
IMPOSSIBLE
IMPOSSIBLE
15893 16728 19720 9569 25508 8892 24214 25509 13827 8603 9032 18852 9766 2 10893 20346 10315 25509 25509 7270 13928 18587 2508 25508 24803 1512 19740 2113 2433 13691 18392 14965 8632 25509 15593 15512 1047 3472 18678 25032 17062 20559 8090
8969 6729 8969 112 8525 8969 7636 8969 3953 3672 5534 6639 3133 8969 2716 7412 3176 7863 4619 5668 8969 7676 8969 8969 3415 3525 7897 5086 8969 8181 4992 4311 6430 3542 5359 2163 3431 1610 7887 8928 3792 8969 1578 8162 5302 8969 2536 8969 127 312 2782 1291 8969 5235 878 6047 693 4612 92 8969 8969 7447 7096 3647 5998 793 6135 5051 537 4267 2347 5998 5825 8969 3570 6478 4914 2980 8269 8969 8969 5300 539 1165 8969 1074 4779 8725 6463
247749 148646 102875 21865 247748 214491
IMPOSSIBLE
IMPOSSIBLE
1819 6422 6827 8348 4190 9786 8534 8929 4523 6788 10493 2715 4303 1086 8149 3716 8858 10703 9083 10703 10208 9891 315 10703 8118 2164 10229 3488 10703 10702 7457 8480 6627 1495 1834 2988 4440 1442 1522 6803 535 8671 6831 1671 10702 9495 3635 1080 8404 10703 10702 9892 10703 10703 2251 10703 8217 4815 3270 675 9679 5425 2655 9030 2920 10703 4294 5027 10703 4540 2990 9813 8811 9828 6977 4512 3055 10703 3987 10703 9022 9 3463 10703
2204 771 605 2204 1967 2205 15 1254 1623 2204 1153 1239 2204 2205 1678 726 581 95 2205 2204 234 891 2204 1726 773 2204 1387 1137 2204 2204 1520 1702 1813 2204 2033 1461 914 119 568 1111 1060 907 1592 2204 1093 607 880 538 1968 2049 1159 1882 291 1019 1015 1128 1821 1778 1069 372 2204 1512 436 376 2028 1414 1980 1299 2205 1236 1174 1218 613 531 1942 740 662 900 910 2204 2204 1710 567 1219 169
1011 10851 10851 4206 7838 8929 10849 2513 10851 6882 8093 7049 7475 10851 10851 8566 2750 517 7660 10851 1282 7225 3190 10851 5444 10851 10347 7032 4699 5812 10851 4925 10851 3491 909 5925 8008 3754 10851 8896 1973 10851 3029 421 10411 4322 6105 7124 3179 10851 2158 8238 10682 7007 10851 10535 10459 10851 124 10735 10851 9227 357 952 10613 9999 10851 9901 4270 8718 1144 2338 10851 8250 514 10590 1436 10735 10851 10443 3642 8478 846
3020 4653 9277 8931 3487 8537 6750 7494 8240 9277 2761 6926 3835 7248 6486 5212 4447 6886 9278 6025 3885 5019 2161 9277 1229 6197 9277 9277 7742 5598 3154 9277 9278 6118 7391 6063 2314 3781 4032 9090 9277 5358 9277 9277 1555 3800 2272 7553 9277 8425 9277 9277 9277 9254 9277 7216 3051 9277 9277 9277 519 9277 9277 9277 4174
IMPOSSIBLE
IMPOSSIBLE
10471 18180 15493 19024 3103 4656 4665 19915 240 8108 19914 19298 6348 11669 418 13821 2533 15642 19915 19914 15885 16656
IMPOSSIBLE
278 1586 1024 2426 2083 607 3483 2113 13 711 3483 2026 3364 2419 3483 2264 1806 592 2295 3483 933 288 2756 3483 401 912 752 2536 3136 587 301 3183 520 3402 3161 3483 1769 1194 3483 3483 141 615 608 3346 2138 3483 1547 60 1794 1732 3483 412 2428 1063 3444 450 575 3357 3483 3125 2637 1392 2031 3483 3450 751 906 1856 1715 115 399 305 2528 3437 1500 329 199 2377 1798 1141 2610 205 3094
IMPOSSIBLE
IMPOSSIBLE
33345 25028 29048 23631 29053 16623 9933 3327 41522 3795 35604 13551 3959 25829 20866 5327 16709 28150 23058 39547 7702 34205 28681 20341 25860 41523 10778 27343 14453 14220 41522 4356 39187 39803 28264 33401 31496 41522 28534 2005 9540 33489
IMPOSSIBLE
1586 12827 5877 6167 12477 5303 11320 7734 7755 10726 10159 1843 9994 9091 5248 2351 12827 10280 10356 9813 1388 12828 12027 12828 2799 6671 6198 6304 4046 12828 12603 12828 12828 8526 39 12827 12437 9918 4937 5424 6496 12828 6972 7425 12828 9314 12828 12828 12828 12828 12828 12828 12827 12827 12828 12828 8167 4907
IMPOSSIBLE
6398 6081 6416 5543 4518 243 3937 2492 5339 1706 3117 5126 5013 6416 488 1668 4436 6347 670 4923 4822 3572 2046 6416 6326 6416 377 1214 4229 6416 3415 6361 4210 6416 1461 6035 1922 6416 4330 4164 6289 6416 4085 4952 6340 5446 3083 6416 1289 1856
IMPOSSIBLE
50864 51749 51750 51750 51750 51750 23050 28960 47873 8974 665 32117 51749 48490
194 26210 15971 26210 26209 24126 15675 26210
IMPOSSIBLE
519 1880 15916 3646 2818 5969 15915 8319 15916 8872 15916 15916 14453 4989 7016 2669 10959 15916 4586 15915 15916 15916 15916 9071 7727 15916 546 15916 3089
IMPOSSIBLE
IMPOSSIBLE
IMPOSSIBLE
2926 775 1997 9579 4205 1569 11094 6761 12423 7002 4801 7372 12423 6186 8368 8131 12422 12423 12423 12423 8087 11418 9893 12423 9771 5548 12422 1031 6035 9707 12422 7068 7869 10350 12423 12422 12423 5829 7201 216 12423 12327 7345 335 11763 3293 3017 11217 4119 11283 6129 4264 4698 1695 6681 12423 7170 4236 595 12422 3242 113 1128 12423 8884 2721 8100 6126 9896 12422 4386 7365 12422 11418 6373 3005 3 11091 3725 1622 7738 12423
4080 19508 16 15659 19508 16019 9748 1252 9793 11612 8151 18455 19508 176 9510 8307 8616 19508 13764 9555 9880 19508 17175 1667 3383 19508 19508 17639 1779 11211 17512 16435 18891 16873 19508 7650 5635 247 9116 14700 3243 9893 14134 5467 3226 2611 4139 5630 8803 12840 293 6478 19508 6987 13346 14831 8312 17824 4513 19508 14948 16893 14825 12107 14023 19508 712 15001 12320 17601 9776 19508 10598 2537 4950 16316 18903 19049 13111 10769 1464 1918 17190 14498 19508 262 5662
IMPOSSIBLE
IMPOSSIBLE
2958 2958 2957 2957 2815 2957 1516 878 2957 2718 2957 316 2541 2407 533 2958 2147 2872 2957 2957 2957 2500 2957 2957 2957 214 2958 1993 2958 2957 2957 2957 657 1151 2957 2957 2269 2957 1041 695 1821 1383 2957 2957 901 2957 2878 2957 2957 2957 2957 2957 2957 1801 2957 2957
IMPOSSIBLE
9455 5066 10410 10410 8562 10410 3557 3150 51 7397 10410 8602 2177 7957 1226 10410 10410 2170 10410 8574 4901 6463 10410 9831 10410 10410 10410 8549 7597 10410 10411 10411 10410 10410 5748 10410 10115 1325 430 4264 10410 3189 8727 5110 3181 10410 5834 1751 9701 9373 8306 10410 6939 10410 4599 5339 161 6006 5738 3213 6987 3295 940
9321 7912 10442 9934 1083 7816 3214 2010 8491 6581 8493 9115 5743 7878 10443 10442 10442 7441 3025 9709 4460 2726 10442 6732 4569 9669 3872 2768 10442 3137 60 8516 3443 5836 2736 6821 10442 7936 4737 3935 7915 10442 8251 5191 5964 1976 8590 3734 10442 4195 8556 7639 10442 9113 455 5147 10443 5229 6012 2073 8209 3530 6155 4008 1985 10442 4203 628 9804 10442 10442 2686 2249 1702 8135 3359 10442 2464 3432 1186 2519 10442 10442 6186 3725 8563 10214 2846 550 10442 10442 7847
IMPOSSIBLE
395 207 102 394 341 237 61 233 197 53 245 310 314 256 155 394 357 137 395 236 395 110 223 395 395 273 280 88 395 260 395 394 111 177 6 8 76 189 395 16 54 395 257 251 295 358 157 87 204 136 265 395 395 60 273 37 29 394 23 229 69 281 383 394 349 286 390 359 394 321 135 183 395 378 189 178 373 342 395 374 395 390 34 229 374 116 378 395 379 50 353 394 21
6148 7768 6934 118 7886 955 4173 1004 2535 7933 998 6512 7617 2263 474 754 5392 5375 7933 4079 2638 7933 226 6911 5440 1372 5876 7933 6353 6555 3624 7933 3662 7933 5479 7933 2688 951 570 6077 2766 4511 3915 2245 7933 7559 5189 3869 6622 5043 1226 7036 289 7933 7933 7933 7562 1215 5304 1788 2092 7934 7933 4013 3379 3446 1695 3398 5063 6513
IMPOSSIBLE
373 1379 158 1727 910 1727 712 694 830 139 667 1510 1305 1071 1728 185 1527 1374 240 465 387 1727 759 503 1607 589 1727 1690 1728 1228 558 1727 1728 223 1545 217 221 1704 652 1700 634 1727 859 1448 1553 514 1727 1647 807 1727 177 1727 1607 222 1714 1556 1727 1553 131 1727 253 1148 691 1111 1540 69 454 1086 480 615 1728 1727 1682 1727
IMPOSSIBLE
4093 17688 17689 8279 8153 17688 17688 8584 1437 8070 17688 8523 17688 17688 17688 4983 17688 17688 17689 223 6859 13452 17689 17689 10615 17688 17689 17688 11142 17664 6328 17688 989 10573 17688 14722 1293 9848 7012 12985 1057 17688 17688 17688 4883 2003 17688 17688 17688 17689 11631 17689 17688 15651 17688 13570
IMPOSSIBLE
10347 4924 11850 11395 550 1853 10621 8849 18350 12168 10305 18350 15488 5254 16403 15461 501 11782 8877 14104 5298 3059 14128 14900 17632 566 17575 8189 9892 5527 5301 4780 18350 18349 17563 2279 15122 14454 92 5480 14648 11320 18121 13988 18349 13337 9918 2108 7100 5661 11845 16807 13391 1600 7994 9449 13427 6494 13273 2624 14927 14834 1843 3356 15994 4552 15205 7139 4788 7608 14726 7250 465 8815 10370
14633 8361 12698 4153 14633 1916 14519 5318 6109 13823 13875 12713 9451 14633 12729 14633 8724 6910 12946 9752 6137 14162 2461 9315 13435 9577 7791 14633 14632 14632 2447 7027 160 1775 4360 4932 3201 6072 10255 5509 165 6221 14633 11166 6082 7122 14541 2761 13549 1882 11345 6889 12068
16637 6519 1818 8683 10048 16637 6560 4872 16257 10566 16637 16637 16637 16637 11363 16637 16637 13395 16127 11922 1175 10179 15095 7210 16637 13603 12948 4519 11542 4671 700 16637 4608 7760 1752 9497 16637 16637 12323 7035 16638 2783 2775
50585 50584 50585 15799 43270 50584 40120 50584 50585
IMPOSSIBLE
IMPOSSIBLE
38798 37902 30024 36216 14393 38798 37054 38798 37033 38797 38797 38798 38798 28030 37011 38798 21075 38798 5060 29364 19808 2355 38798 24069 38798 38798 17100 38798 26339 38798
11241 9311 5403 11938 4812 9967 15900 19004 19005 14128 1682 5100 18057 4959 16840 3530 5524 15805 833 7376 10600 6063 2654 14762 11266 19004 18602 5385
9960 5703 1645 7159 2538 3246 8440 4085 6891 2285 7617 7958 7706 4262 6747 3910 1386 8898 5523 5005 307 9959 5073 8229 9882 9331 9658 3546 9934 8033 2191 6222 1219 6159 9060 189 1449 9959 3690 1803 6075 3517 6351 9960 8160 5040 9829 7971 9959 9959 6122 454 8114 5562 1515 6269 3232 8375 9960 9959 3476 3947 2889 9959 9959 6045 8465 464 9959 9959 9959 1389 820 3303 9960 9959 7608 7458 4597 9959 9886 3280 9585 9959 251 9960 2886
32107 32106 26490 12179 6534 19895 14542 9408 32107 32106 32107 27618 22601 32106 30648 32107 13282 29726 32106 9543 23200 21522 4944 21415 31918 9029 10786 18922 32107 18539 27045 8604 27875 24015 19645 24870
IMPOSSIBLE
13949 14130 12775 4101 1500 5016 14130 14130 14131 13417 11867 12837 4009 1213 6649 13934 13446 2305 2075 12200 14130 9554 5177 9217 897 6730 8981 11954 5108 526 9197 10244 14108 7839 7461 13037 14130 9097 12352 8427 5781 4745 14130 11703 3718 6774 1931 5806 14131 12585 11690 514 7242 8592 5285 7008 3973 14130 5649 9445 5522 14130 3906 8657 14131 13813 14130 11419 5981 5551 14131 10253 14130 12916 656 2601 14130 6972 4998 13659 6955 5534 9603 14131 14130 10404
IMPOSSIBLE
936 11134 12150 8505 317 2304 11841 6738 13485 10282 13214 3763 7256 11903 12951 5367 5840 13485 3620 2888 8332 11956 424 11486 7614 13485 3708 698
18756 18755 16544 7133 4132 18756 18755 12595 18756 18756
4977 3647 4617 2901 2154 3334 4735 4185 427 2048 3327 3299 5348 123 1609 4839 4082 5051 3551 645 3331 1523 3974 4582 5277 2258 261 2992 2259 2147 4958 1472 1648 3971 2346 5347 2575 3390 1938 2436 1037 2097 3291 5035 3757 5347 5150 2056 5347 2179
IMPOSSIBLE
576 8902 13962 13962 13177 13196 1342 4738 13962 2148 7538 13323 7071 9947 13962 3021 7321 10922 1113 1090 11992 1742 13962 1493 5780 12224 3970 13961 13962 2801 3015 8347 9802 13166 7124 13962 13961 6162 13962 12408 10062 11747 13962 5780 4683 11497 13961 1858 2612 5224 13961 12939 611 13354 10217 1708 13047 7284 12843 13961 7038 2404 13962 585 4864 5754 13244 13962
15467 2047 23731 18091 23731 17590 12213 1773 15252 11441 23730 15027 23730 3363 23731 15554 17089 874 22311 3316 17314 5053 23731 12826 19875 2735 5946 10023 23731 18169 3758 23731 23730 23731 12146 23731 13297 8136 12049 8840 15521 8818 2857 23731
7698 336 3958 11139 11139 11139 11139 11139 2820 11139 2811 10604 11139 11138 5382 7715 7660 11139 9252 11139 2770
IMPOSSIBLE
7030 6883 5616 7301 14081 15595 11137 201 2640 15596 9117 2921 15596 10177 3071 5561 14348 15596 13528 15596 1223 15596 8678 9671 15596 3896 14657 10399 2950 15596 9610 1605 9234 5300 5648 119 14505 5231 15595 6598 12342 8181 14572 15596 2448 4950 15192 2496 15596 15596 13840 15596 5702
2442 9675 9675 9675 2869 7274 6182 9675 9675 9555 9675 9674 8550 5948 8774 9675 4926 9675 9675 1670 4050 9675 7052 9675 7695 5449 1594 7077 3836 901 1731 9675 6689 3191 2406 9236 9675 3772 2975 9366 9675 7309 9675 2459 5877 5102 235 2872 1059 712 6717 7475 8884 9460 401 213 9675 9675 9471 2442 9675 2019 9675 290 8960 6820 9675 9675 5387 8306 9456 9265 372 9675 9674 5481 876 6389 8543 1627 1915 9597 6339 4626 2862 5810 6298
723 815 991 952 1766 1767 1114 1380 1766 505 618 813 823 1766 1094 1767 1767 1110 1767 873 485 611 152 330 1027 45 1766 1767 1767 1766 630 1767 1766
IMPOSSIBLE
IMPOSSIBLE
IMPOSSIBLE
IMPOSSIBLE
IMPOSSIBLE
IMPOSSIBLE
IMPOSSIBLE
2186 3950 4582 222 2920 2190 2251 2683 3742 4991 4971 1492 2447 4991 3274 3062 4990 3496 4990 4990 4991 4990 39 3245 1159 1676 2226 4991 2032 4788 2976 3766 4991 4755 1528 707 829 1445 4990 2931 3644 2851 557 3849 1548 459 4058 4807 3977 4990 247 2335 4990 3637 4990 3226 907 4539 4991 1447 1038 3793 1258 4963 3834 2482 1825 4089 2373 3066 1372 4991 1817 4990 4991 4058 4540 4709 4642 1994 2654 1325 2912 4991 3466 4012 4990 3360 3078 48 1597 2934
IMPOSSIBLE
10876 14527 883 14500 14527 14526 14527 601 13939 14527 6588 3403 14527 14527 952 8941
92574 219370 219369 219370
9083 18040 1912 24186 20515 13830 25891 11420 11943 10753 16494 24293 25891 14776 21643 19427 22464 18278 13471 9242 15502 25890 5271 8312 25890 8561 13940 25891 9259 25890 25890 2827 25891 3148 18415 25891 25890 25890 25891 6580 10413
2790 3024 2080 3025 1668 3024 2259 2638 162 2654 2758 956 850 2212 2656 2609 3025 2322 1821 322 1569 953 19 2062 2503 503 3024 2751 2944 2937 1795 2509 2401 2757 2120 1738 882 2572 1953 1743 195 369 2460 3024 398 709 1190 3025 319 498 2754 3024 185 3024 450 1364 3024
58022 48668 48634 39547 19531 50895 62453 8828 27269 62452 5097 62452 53854 31285 17620 23683 62453 53306 42873 62452 46623 14150 62453
IMPOSSIBLE
12471 14493 10118 617 9167 3717 8253 14640 1664 10082 348 2255 14007 7651 14327 8330 13663 8089 9084 5728 9132 7121 3127 14641 13826 2859 13045 7927 12148 3678 7914 14569 2786 6503 11670 2555 6110 9255 2090 14641 4465 1533 12266 268 14640 14640 14640 9020 13077 14640 1017 12042 444 7872 5643 2346 6298 13795 1464 13226
IMPOSSIBLE
3372 2707 4284 2576 1172 1304 4284 2618 2702 3403 1270 4284 1204 2248 668 336 4284 2365 2299 2576 724 986 511 4284 15 4284 3267 4284 4284 3093 4283 792 4284 2436 2083 4234 516 4146 2780 3489 2259 2263 2074 3113 1727 1602 3275 3888 4283 1003 1489 2963 2997 1613 3504 1273 587 2917 339 4283 2563 2535 3730 1446 3848 4284 4284 1159 2309 4283 4151 712 2480 2137 4284 193 4284 1376 4139 4284
31122 40772 19009 4863 11892 11196 40771 32232 38232 40772 40772 40772 27240 40771 20686 27394 40771 10008
352675 137695 338283
IMPOSSIBLE
IMPOSSIBLE
IMPOSSIBLE
51353 9287 53524 10705 45247 28670 33964 53524 53524 40366 22522 10403 32960 26110 50074 6727 3244 53524 30204 38303 28529 28991 29750
IMPOSSIBLE
9704 9704 9487 3299 6358 9704 9704 9704 2358 6975 9703 6642 510 946 3698 9703 4178 9703 9704 1238 8792 6899 7000 2785 9704 9704 3873 8447 581 653 5764 9703 9584 2236 9704 1338 2961 9704 5972 8665 9704 2480 7121 3162 4313 1178 5325 7483 9497 8657 2442 7098 9704 5283 5900 3482 3896 7574 7657 1276 8277 274 9703 2111 4316 987 9704 6843 7364 9704 7945 2824 405 9704 329 2183 706 9704 4996 4694 9703 2020 9704 9704 9704 3654 9704 4149 9704 2976 9673 7204 4959 2832 9704 8973 3362 9704 3851
IMPOSSIBLE
14185 27018 27019 27019 16099 24196 27019 16356 14726 17969 27019 24087 27019 27019 27019 27019 13138 27019 8693 3529 27019 24500 10640 18137 17839 3164 15002 27019 27019 27019 18021 3243 17559 27019 15266 10964 13603 27019 27019 27019 27019 27019 5607 25339 6958 27019 27019 11900 27019
3191 3770 4278 2985 6008 3748 1117 9256 3999 1758 1711 3974 3363 1172 1232 4855 3161 5244 2728 6103 7570 9355 5283 3761 7867 9354 3300 6357 9355 8109 6777 9354 4366 5016 7918 9089 7642 5072 134 7693 1535 6619 1656 9355 3856 4341 5336 115 2179 8826 6335 8297 9354 9355 3196 757 6600 4468 3893 86 4097 9354 8399 5755 6556 199 1951 7820 6971 969
12064 10414 548 7316 12064 9406 5463 3629 12064 9922 12064 2972 697 5928 457 12064 12063 11701 5610
IMPOSSIBLE
IMPOSSIBLE
IMPOSSIBLE
IMPOSSIBLE
11025 15189 6630 15189 11887 15189 15189 15189 8050 14595 12598 13644 15188 12640 14292 15189 9798 13227 1571 15189 9834 2444 15189 15189 15189 15189 15189 15189 11340 7721 15189 14883 12198 6569 10966 5446 2926 823 10574 6432 2962 5882 6915 11540 15189 7725 15189 9889 15189 6834 12832 6496 9168 8404 2039
11790 5180 3362 9974 14638 8713 10559 2296 6900 14637 11953 3957 14537 10325 9432 4066 8985 12316 11481 14581 9762 7000 12824 14637 3664 13022 363 132 10866 8235 1943 14637 5066 3889 5394 1669 10069 2391 10131 10498 6180 7027 13459 1423 2409 2110 8012 67 5134 2597 7988 2087 7316 646 9055 1914 11394 12641 8890 6876 1270 8423 535 96 6061 8513 12813 8489 9217 13395 10450 5016 10473 4136 8426 1878 14637 11237 4435 11463 9040 1869 12692
IMPOSSIBLE
7694 3848 2871 7034 5504 5040 1594 358 2051 9703 3759 1771 2518 7093 3015 939 404 8442 6662 6947 9650 9703 7852 3491 924 8457 5115 3995 4854 3761 1488 5593 5092 206 1038 4627 1296 3916 9702 80 4615 9702 9703 9703 9702 979 6208 8061 6471 5517 8545 9359 8115 7451 2325 1959 5692 9702 4550 7355 9702 4158 9702 9414 9702 7747 387 6559 7220 529 7069 9702 5477 7730 7204 1456 6376 4518 500 1743 5304 9702 6738 1891 6466 6418 14 5547 491 635 3479 485 9703 2815 8537 8981 8620
1631 1796 2016 1895 2016 1578 2016 1922 2017 1411 2017 1541 306 1922 115 2016 1692 1502 766 502 1669 1437 456 71 1157 1291 2017 422 603 1438 2017 2001 2017 2016 136 1478 2016 1438 1338 1064 2017 2017 1610 1902 1706 496 1165 66 974 1032 1530 852 258 1103 1644 284 1250 161 1482 45 806 1344 1244 1054 620 963 779 168 2017 846 178 1990 1097 2017 2017 2017 999 2017 148 2010 1773 276 1881 859 1320 1227 2001 407 715 1189 2017 692 1763 280 1610 1255 184
552 8977 2021 9686 11136 4584 11484 161 9303 2648 11484 11484 613 646 3646 4134 5825 11485 11217 5686 1992 11484 5670 1449 2346 8171 11485 10012 4244 11485 4339 6078 4705 8646 7144 10462 5286 11484 11485 11485 11484 3799 6607 11484 6714 6154 4562 2766 1105 4633 5183 8792 1215 9470 3871 831 9114 10962 5489 3970 767 7145 11485 1317 3741 7867 10752 10099 11484 4993 10651 11484 10850 4815 11409 8348 1344 11484 6794 2167 8238 9486 3610 11485 4293 5886 10692 5429 49
6120 9586 2206 5763 1568 9586 8821 9586 8560 4607 8447 3755 563 4444 8553 7074 6048 9586 8326 9586 5225 9387 6539 9586 723 9586 6167 9586 1424 1077 9586 9586 9586 560 8199 9586 2379 9586 9586 9586 4483 9586 7610 9586 5956 3500 3 7844 9316 9586 6955 3813 2776 9587 1906 9586 7666 8722 2527 9586 9587 9586
13728 12694 5292 12368 2063 7260 779 9346 17342 17342 186 8837 10710 7915 6113 5183 15387 12752 7130 17341 11599 4970 6648 9166 10108 5436 15493 10376 5917 13569 4946 17342 8152 6363 17342 14895 17342 4322 5936
IMPOSSIBLE
IMPOSSIBLE
15232 14321 13944 15181 191 11176 14698 14881 6084 5338 12488 11568 8537 1089 17957 7388 18044 18159 6592 5079 887 18911 7333 12673 6831 2440 18652 1024 11468 15479 7286 7563 7018 16903 11433 3858 9737 186 17214 11450 14244 10422 10687 14116 9760 18232 3070 8933 6711 8213 19294 15885 18255 6594 6656 5713 19294 19294 18615 2998 19294 10383 14660 8126 16163 19294 2253 18674 14124 5137 2687 14062 9590 18126 6131 12572 14481 11351 7676 7498 19294 16176
IMPOSSIBLE
IMPOSSIBLE
8543 2561 8543 7215 2263 1147 8543 1686 8543 8544 126 7338 6705 7208 2886 6189 5966 5218 807 8543 4842 5008 6885 8544 5885 5235 1433 598 2000 3304 6263 6049 4805 4972 1413 6491 4144 8475 8544 5541 8543 1334 5511 6121 8543 2635 8021 7390 8544 1639 6425 5607 3833 2666 4412 4517 5369 2047 7319 421 3537 8543 1165 6913 6157 3119 2437 6781 5490 3359 8543 4013 5962 5892 5901 1350 2852 6455 8544 6785 4658 8016 5588 8544 3120
3192 12476 11362 6035 7441 2458 4814 12476 12385 10363 1645 201 2115 866 11857 8036 2242 12390 12476 4310 10926 182 10262 12476 6308 6656 589 11520 2580 3923 12240 9606 10593 4359 9706 11368 2847 2919 4589 11698 3693 7998 12476 4098 6332 2863 6441 8673 8673 4404 5880 9308 6559 1649 1101 7922 3356 12476 11657 5572 5578 7940 1562 2147 12476 4175 9378 12476 12477 7280 2902 2378 12225 5634 2266 11624 4282 2892 9131 10968 1955 10637 11002 12476 5173 6903 7933 8433 4113 12476 10787 6392 4789 9056 12476 5815
IMPOSSIBLE
1472 2078 88 2316 2315 2315 2316 2111 2315 1979 2315 2100 2316 2316 1999 2316 2315 2315 1425 2315 1845
286 938 839 314 187 1018 517 925 1018 571 312 1001 529 591 777 564 602 118 1018 216 78 305 495 595 863 1017 51 877 1018 198 443 1017 1018 342 258 631 120 820 622 991 120 203 305 958 332 960 757 278 1018 1018 407 328 211 577 1018 544 659 713 486 762 497 1018 243 1018 1018 374 871 1018 822 568 212 194 1018 1018 742 1018 781 890 1018 830 1018 1018 1018 295 160 484 318 1018 152 540 1018
IMPOSSIBLE
3819 1929 2788 1761 5481 4906 1520 4255 4183 4138 2061 3675 2857 3927 3127 4417 1835 3959 3553 4895 4743 298 3249 4345 336 40 2810 3633 4772 5481 3208 3881 437 5480 5481 1644 5481 4049 5481 1875 1622 5481 953 4418 5481 4476 1772 3854 333 5481 4306 5481 5035 5019 5481 3849 2458 2585 4891 5443 1478 2629 5049 1225 1740 3772 691 559 4102 4865 5480 4231 4700 3466 1541 3131 1917 5481 5382 3888 2293 5481 3126 5481 5481
IMPOSSIBLE
IMPOSSIBLE
IMPOSSIBLE
IMPOSSIBLE
15990 8853 8582 5794 29341 8723 25492 31476 14400 6099 14030 8519 31004 23664 34169 3810 15240 34169 22720 34169 558 14132 5791 8086 19265 12275 27878 16106 25275 32966 12881 14367 29693 33439 27942 22916 16876 3213 3489 17382 16837 30247 30078 34169 27885 18797 22428
IMPOSSIBLE
5527 11651 1353 11651 11021 11652 10957 11652 11652 11652 6253 11651 6597 11652 7933 11652 3635 9911 11651 11652 4836 10379 11652 8055 6889 690 9201 11651 10378 4859 11652 6437 2571 11652 11630 11652 2740 7617 5900 9080 11652 11439 11652 11652 7352 11651 11652 11652 11652 9336 4219 9638 8188 11652
IMPOSSIBLE
13425 15547 150 6130 18979 977 1367 20352 3166 18399 17329 20351 15418 20351 13745 20352 4010 13159 6276 16135 13217 6647 4099 20352 7529 12064 9251 4198 13763 11957 8089 9716 17620 14049 14663 15097 20278 20351 7594 1428 4554 11012 5853 13859 3804 3106 20352 10729 20352 18272 14023 4791
377 467 315 81 376 354 34 504 483 505 251 403 265 504 505 183 171 27 212 307 35 181 504 504 44 81 337 97 298 504 99 504 504 98 9 173 68 219 462 158 252 504 504 487 196 505 505 129 105 355 10 400 378 11 417 375 295 504 504 458 449 457 477 368 370 417
IMPOSSIBLE
4722 3393 323 1338 5313 5158 1618 826 4231 1334 1891 4661 4365 2426 1894 1097 5313 5313 3556 5313 4513 357 3131 338 1290 2817 2693 2781 4407 4479 4958 4458 5313 1160 5241 5312 1567 4752 5313 4899 3334 3228 4920 5313 5158 1985 2122 1013 4197 4475 3790 5003 1378 1853 70 4077 3565 3808 1619 3740 1162 1545 5313 5299 5202 275 86 4223 5090 3338 4450 367 3597 4659 4709 2064 585
6667 4727 3019 12241 12242 9668 12242 3634 6510 10094 11814 528 12241 5387 1273 11320 2982 12241 136 11584 12242 12241 5244 10801 11066 529 3783 9837 2248 11430 9462 10923 5537 11776 1236 5338 9289 8540 12241 10311 12242 745 6070 10464 2432 9304 9470 12242 11815 12241 12241 10584 8984 1961 10787 8860 11548 822 5621 9771 10648 8926 12241 5159 12241 12159 993 12241 4370 5871 12241 8060 8596 12242 8437 5367 549 9110 7139 11291 10370 9168 4637 10521 11796 9820 7330 12241
731 6301 10585 8985 5311 10585 9425 5256 10168 9658 10585 9214 7793 3448 1699 9329 5627 6773 7674 10584 2347 7777 10584 10585 10584 9282 10584 4845 10585 10584 10584 8243 7641 10585 10584 10585 8270 10585 10584 6835 10584
IMPOSSIBLE
12637 12637 5966 12637 8369 1359 12637 12637 12637 8641 929 12637 12637 12637 12637 12584 12638 12637 12637 12637 12637 5778 12638 12637 11259 6661 8570 10475 1959 678 12310 9218 9315 10134 3317 12638 12638 10416 6423 12516 6671 9819 12637 5653 6609 6759 12637 5832 1896 12637 2540 12637 12637 5808
2566 3924 3924 3924 86 761 2752 146 3106 733 1082 3924 3357 282 2589 265 1644 3465 1541 2895 495 3724 783 1830 209 3924 436 265 1093 847 3009 1233 3924 3650 3924 2392 961 58 1741 3924 1528 388 2077 1701 1052 3685 1151 3150 3812 1932 508 3924 499 1736 2329 759 1379 1056 1291 1538 1042 3647 3924 2954 3811 3924 412 345 3268 2486 1554 2819 3924 3200 2900 2092 469 1779 2936 3468 2610 561 3798 1771 1671 728 3697 2208 2789 3108
IMPOSSIBLE
IMPOSSIBLE
1821 15253 7059 13564 3145 15254 12744 15253 9178 15254 9873 4649 8301 590 9269 338 10940 15254 97 733 14689 11314 11062 4193 1478 5712 8897 15253 1949 1902 12866 15254 14009 9066 10299 7817 10776 8413 4954 8569 2258 14666 15254 9577 15254 4001 15254 15253 15253 11621 15253 5597 4672 14770 15254 15253 7334 10868 8125 8421 15254 4948 15254 13961 14601 1754 3563 478 5341 15254 6905 12461 13043 15254 11897 5241 3374 12057 4072 15253 15254 14207 15254 6902 4606 4696 5290 5374 15253 13402 15253 13337 8082 3228 8669 1372 4143 9503
IMPOSSIBLE
IMPOSSIBLE
IMPOSSIBLE
3548 17561 11684 17614 9781 16817 11702 9321 11145 18408 16822 14231 15017 11316 10119 15060 18409 8296 9378 18408 10658 18408 7298 5275 3983 18189 11513 2707 5463 7423 18408 2259 5643 3332 3560 4931 15686 18409 12272 936 18344 14183 8102 10375 4329 5017 4912 18408 14451 8623 5032 4092 1630 15258 8585 1546 17770 6461 3243
10728 10728 10729 6672 5906 6574 10111 8584 10729 8195 10728 1704 5913 10728 10728 3842 4595 7326 6982 3922 10728 9207 10729 7726 8247 1354 9309 8760 10728 3995 7859 8587 10729 10728 10728 9448 10728 1323 10728 4349 1518 8767 6810 2041 6477 10729 1211 10729 9536 1400 10728 5538 6199 10729 2373 10236 10728 5216 8367 3739 10729 8498 3667 10728 10728 8784 10728 5960 10729 10728 995 5627 4721 3055 7991 1066 9324 10728 10728 7151 6651 10729 7209 10729 10728 9802
4410 44121 26178 44122 21832 22748 40634 30069 6898 27534 18785 44121 19049 2947 40010 21527 37903 44121 1171 30603 42430 44122 44122 30104 1073 23897
2521 2932 3406 3406 2589 609 3406 3406 3406 934 2340 3406 3405 3406 97 524 892 3406 1130 2040 3406 3406 3042 3406 2471 945 1174 3405 2846 2593 827 3406 77 1379 3057 1204 3406 2501 3206 2602 1335 1631 1361 3019 1065 530 3406 2017 3072 1350 3406 2575 78 3406 3406 1384 3406 2562 3406 3406 1591 1993 734 3406 2585 2259 3406 3406 2800 2981 2738 3406 1776 654 3406 404 3406 2323 2356 3406 1952 691 1928 986 3406 3153 3406 2507 3406 3406 2445 3406
3930 16659 16659 14591 15706 16659 16659 4530 11128 16659 16659 16659 16659 3521 15588 16659 9657 16659 16659 16659 2781 14294 15134 7409 13270 16659 16508 4107 16659 16659 5247 16271 9857 16659 6311 16659 2255 7774 16659 16659 13899 573 8213 16659 16659 16659 7700 15179 11375 13893 14583 11701 654 14240 6294 9085 16659 13726 3682 1376 8412 7323 16659 4109 15017 12954 1867 16659 192 16659 10199 3358 2465 11517 16659 14625
IMPOSSIBLE
11295 4939 6919 6988 9513 13499 3335 11132 11582 1679 8407 12321 10879 3189 7274 1840 9540 12279 10955 9587 9542 8197 13499 7849 4666 4450 7595 13001 2687 8906 5517 13499 11216 12591 7115
IMPOSSIBLE
IMPOSSIBLE
IMPOSSIBLE
IMPOSSIBLE
IMPOSSIBLE
IMPOSSIBLE
2412 2538 22 2732 1459 2390 1064 2815 2884 2465 2885 2884 2192 1486 1509 1195 496 590 2884 1893 469 2884 2884 760 1045 2371 2884 2288 1752 15 1342 1151 2132 1537 819 1596 2874 2884 2884
IMPOSSIBLE
