-6279
-889
-923
-168
1532
Invalid data, Idiot!
-3406
1497
2046
715
-8894
632
-1508
-5578
-2205
-5881
2612
-2444
2999
-2918
-179
1229
713
604
-1300
Invalid data, Idiot!
1593
2834
1934
-5147
-5091
-7633
-3994
-35
Invalid data, Idiot!
2650
-3016
-2241
-5498
2041
-2284
-1049
341
-4527
Invalid data, Idiot!
126
-5409
-5834
Invalid data, Idiot!
-6999
-2162
-2351
Invalid data, Idiot!
-6423
415
1478
-8324
-3119
Invalid data, Idiot!
-905
1333
-4969
-3183
-5697
-8289
-5506
-5131
1746
-7211
3277
-3748
-5543
-6966
-6085
Invalid data, Idiot!
58
-6535
-7716
-1282
-4981
-6723
-390
-973
-2833
-543
1025
2212
-7262
-1128
-25
-7039
3002
2939
-6524
-5198
-886
-444
Invalid data, Idiot!
Invalid data, Idiot!
948
-5130
Invalid data, Idiot!
Invalid data, Idiot!
-6514
Invalid data, Idiot!
-1081
-3956
-672
-6439
1926
2270
-6532
1850
-996
-1560
2409
-1690
1666
165
-1986
