135600
180600
10200
182600
37800
25600
177400
63800
6600
138600
136800
128200
91600
155000
62600
118000
151800
138600
130800
97400
109400
101000
19400
159200
96200
96200
104200
129200
122600
33600
62400
163000
177200
104200
100400
94000
128400
23200
47400
50400
110600
167800
114600
148800
2600
45600
165800
100400
138000
89200
148600
152800
30400
45600
98600
117000
130200
94600
132400
18800
127000
148200
52400
56400
80600
175400
188200
56400
91800
86200
68000
47600
99000
77600
70800
189400
79800
171000
154800
2000
154000
5400
119600
83400
124400
8600
153000
168600
38200
108400
184200
166600
70000
16000
138000
53400
130600
141800
37200
91000
113400
73800
61600
12600
89400
64800
18000
146400
8200
174200
167000
111000
191600
110800
176600
150000
117200
23600
113200
134400
45400
61200
15000
106000
137000
162800
42600
50600
113000
112800
138000
138600
175000
132200
83600
117400
64000
177400
109000
54800
111400
124600
102800
10800
142800
113600
125200
78800
23200
24000
43400
11600
66000
153000
22200
133600
18400
180400
159400
176400
71200
142800
80800
86600
29600
127000
5600
159200
20400
22600
136200
68000
62800
117600
119800
170600
130000
19400
152000
94200
181000
163400
79400
26000
47400
112600
12000
140200
100800
81600
28600
133800
25600
22000
6600
138000
21000
131000
123400
17800
12000
16400
9200
29400
110000
109600
53000
5200
82800
107600
57800
158400
67400
61600
174800
13000
108200
144000
53200
159000
97000
111000
57600
118200
89200
20400
166200
68200
62000
9400
192800
139200
43600
50200
170600
0
148400
20800
99400
161000
20800
132600
41600
109000
56400
53800
140400
12000
45000
71000
119600
1200
103400
63200
153800
14800
122200
113600
123800
151600
122800
108600
163800
92600
161600
159200
123800
92600
600
4800
111200
38600
56600
184200
143000
98600
122200
82000
33800
86600
105000
144600
81000
141800
23400
14000
186200
46600
124800
167400
153400
85800
8000
91400
111600
27800
132600
153000
73800
134400
