23413
24713
15567
1505
22578
15512
12077
11045
14843
15387
14196
26747
15166
3239
22679
11659
5690
20860
17849
2973
12613
6089
18497
4585
13987
8286
20907
16927
4670
13770
1982
5209
5492
3879
20154
20176
14920
9823
22596
2171
17186
9928
21825
4956
6050
16838
16852
17732
12400
1003
19066
5721
22774
16450
23836
3457
8922
14047
15036
1712
15531
21520
18920
23285
24024
18866
7388
22130
23187
13433
24984
4948
7931
3948
21729
13631
22267
24046
13908
3514
6381
14109
26507
15856
1099
11682
15441
18079
3859
14000
2925
12830
4958
20149
19859
15935
1692
20481
25333
20884
4185
19360
10885
2251
10187
7786
20876
19703
8916
20337
22656
24503
16930
20641
13408
24612
12994
8675
19534
2292
23026
19479
11259
8838
16707
23382
13110
23773
7882
19006
22212
8072
9318
1663
5151
8805
14688
21361
2069
19903
4917
18185
18224
2635
3537
14506
19004
14092
23001
9691
5762
10380
26766
5478
4904
5313
5579
10966
23388
11866
2166
1469
11623
16773
10789
18794
22894
19050
20767
1875
7997
25209
11143
14926
23278
2797
7316
7919
13558
12467
12664
22180
3366
1881
12514
16053
1899
12537
2398
20385
4673
783
2623
20523
4913
14587
21898
6747
22742
14531
15597
23948
9060
12242
22276
8441
3141
23605
20158
1814
603
15869
20562
4826
1163
18355
2484
7650
4217
7537
8161
2624
2125
21063
20807
18851
2525
22550
18593
17919
23154
5395
5577
21750
25033
1727
3326
16293
11039
19854
20541
19524
16503
16734
27212
18469
21176
7816
10169
3943
5222
8945
2909
19069
3141
1828
9434
25526
18165
15321
20641
17862
22096
19437
20670
22918
21211
19269
14558
22990
25612
12010
13091
24157
15168
10201
22474
20563
2642
22998
832
5726
17853
11417
21914
10050
5099
23685
14745
9642
26123
17500
9241
7515
3415
4207
13093
4989
12412
25243
25134
11639
12390
9512
19200
12116
19191
20923
1583
3567
23015
20348
12005
14074
20659
11333
15618
3457
24751
23268
1833
13276
20536
17414
22569
1039
11678
25386
4710
19753
7218
6154
5427
7168
5152
12661
10945
19365
4391
18044
19209
15323
17914
11013
17057
14062
20187
20310
20469
1956
19567
5360
12778
14934
5910
7598
11611
24031
19797
4627
11031
17913
24421
10996
18128
16206
2111
8916
7550
16386
17536
19351
22706
9523
2443
13889
19186
3947
22004
1036
24023
21208
7001
15460
8704
17813
5474
10990
11403
9111
24851
10246
5727
17605
21106
11757
2389
24295
8672
17154
2204
22707
22509
14824
7941
21512
5764
16015
2182
6213
15643
5820
20098
14898
11525
5410
759
5552
23934
8189
14980
6044
20077
3007
25089
13767
25475
11450
14721
20709
23179
2348
25511
12783
21801
10801
20577
7479
2851
11551
10900
10862
5483
7029
2105
16100
18792
3816
14209
8255
16281
23042
23329
6477
1540
16701
24167
5482
20402
11481
8652
5090
20087
25633
5269
19422
9220
17900
6493
22545
23431
22166
6886
23992
17344
17180
16936
1140
14563
9946
3075
10633
24408
2475
10075
5572
6322
24644
12937
9139
20363
2572
5336
9592
6410
20689
12339
12948
18296
12429
4332
12873
11420
2609
23588
10964
11382
13444
14738
12249
25609
7554
16578
5546
1183
5080
20892
7170
24494
21024
18083
24074
6251
14380
22092
10083
7527
18913
6334
17958
7592
9786
22562
5772
7867
3871
12181
8438
19123
22716
24277
10030
5807
9560
14301
14433
14946
23264
11012
4292
1245
18527
5591
6800
23406
16322
25312
1026
15078
2696
24772
24536
25288
13398
15051
10894
11023
10694
5962
5167
18563
25714
12972
21975
5534
11812
11584
1301
25467
7268
6034
835
26072
14822
10093
6093
15828
9910
20299
5622
15572
7466
5728
10241
23648
15331
16410
7810
23549
16368
16647
16248
6156
9695
5230
13161
19826
2989
27634
18787
24301
16559
12888
15332
12030
3750
9920
1734
17452
17302
4172
14486
11412
6843
7323
18527
8257
9988
22389
3950
11815
16442
17135
16587
13968
4453
22938
18933
25483
5145
15146
15683
13153
16417
4798
13481
25657
5085
12250
16293
22692
6496
3543
7120
2609
4446
20717
5210
5684
14798
20698
24425
22422
6097
8178
15815
20064
1051
12563
5281
18315
4627
8500
4572
8666
3064
10363
13710
6220
24566
10110
1957
10706
16567
11021
10542
19036
19867
1702
10701
4396
2791
14247
16657
22266
11919
18256
16190
19372
6149
11658
9724
3313
10695
2979
14190
20118
22668
10947
20105
6311
3405
18936
21314
7172
7300
6830
20064
17586
13616
13001
23313
14495
1338
14583
558
8976
16492
19524
7250
4970
20326
21880
23972
4240
5609
10141
19982
5012
2393
23319
9992
1021
2876
4849
10264
15926
13160
11969
20274
4291
10266
17037
9416
23447
4850
18625
18453
17210
14180
6486
2625
17832
17681
13520
26960
23137
3134
3108
3620
12500
6532
14614
4088
16947
2412
15281
1523
25679
11473
4030
8361
1452
2513
3425
10707
25889
4581
24854
25353
3209
21086
19603
18165
3253
21254
663
13940
3688
5906
8639
23130
3940
23963
19599
12794
24704
4817
19549
6767
15218
5854
5196
5747
17952
1970
20987
23477
3213
26869
16064
24034
22181
11173
25208
6341
2802
3924
20245
18841
7176
22729
6338
24621
16801
5121
8996
18012
3701
19382
20404
25457
9811
20845
24068
8844
23224
4165
22718
3580
6394
15747
18597
20700
12030
8362
11692
14683
7220
4362
23689
16654
5410
5071
8381
17581
25071
22033
8101
11522
292
21565
2921
5223
10108
23667
15450
10297
13292
15763
13574
7920
20937
16692
21660
13366
10849
3215
6378
11072
8960
11201
10031
14470
17859
10996
783
1604
22164
15825
6283
13347
12259
19059
18379
18712
23412
4348
8429
21919
3313
819
11946
11620
23765
1779
23820
15142
10313
17022
12180
26258
20245
4947
5133
28294
24231
18406
9767
24615
1427
9276
23616
14998
9329
2268
19076
12335
15832
23055
21142
15793
1482
4899
18495
13793
1841
4682
4710
22475
23292
16965
5262
1873
24014
10735
6084
15375
14493
24097
6542
22073
11005
4220
23148
26274
19725
26369
3897
7368
17401
21222
22886
23911
4991
6180
2958
15529
13160
18352
2060
2351
20343
8899
25302
20782
19065
13087
12200
19163
9741
10666
24520
13946
17196
9406
2633
15210
3942
22386
3536
8438
7460
22538
10751
4207
25651
13602
7312
10024
20887
21804
1503
8350
12276
24706
11834
3613
14629
17242
11447
3144
24939
2491
23901
11648
24846
12727
23754
17969
12924
17595
7771
14297
22896
18099
2499
17536
2504
12114
1979
20600
5689
19702
10620
25781
10753
16185
5449
20884
4929
23870
15265
13246
4322
15829
16220
20356
23012
15553
3070
24585
10290
10861
21592
25455
10851
8301
11338
24650
1497
17959
9376
6625
18930
1731
19090
9788
3673
8321
8942
23048
25348
11272
18193
4841
12441
5558
17640
12240
5565
20162
10518
22011
18595
20866
19506
7850
9427
21115
5955
6348
10001
13815
24618
4868
10246
18122
8879
10806
24512
18610
18588
11214
21114
14062
23237
20917
10915
12125
5193
14192
23244
10798
16184
13416
22170
8049
7950
13133
17190
15991
13352
15644
23432
9931
11959
2418
6126
8992
12555
23928
6176
6299
6475
8918
10153
10350
21113
17096
3718
6218
19122
1519
8723
3668
18697
21667
9281
13634
8307
1374
18237
11359
14661
22632
21455
23404
23626
1602
9898
22669
1014
8549
10796
15809
10466
8284
19690
15658
20749
5925
6905
21691
22876
23785
22055
6795
11565
9753
2765
3453
11620
20179
9513
2485
5621
22705
14460
19370
23736
22631
3329
11192
3837
14099
14183
4657
17025
18702
25923
2077
10933
21449
11856
24683
18262
11868
22226
22994
15985
24292
1982
2478
3856
20409
8976
19916
18878
12755
11918
1551
8391
8321
712
2095
8377
3126
20078
19048
6065
2961
22859
430
3947
24418
21982
18775
22913
14630
532
13299
3574
10181
12042
15775
23563
10118
19088
18585
6399
6675
3817
13865
13500
14828
6046
1802
13878
28714
23234
7981
2502
10482
19616
9223
3541
17990
19072
5342
10340
19167
14273
21199
14298
8298
17512
22751
17672
12519
363
11427
22059
11349
11306
25945
21041
4492
20894
9700
801
2691
13907
15866
15584
19126
23117
16006
23887
1712
14713
5830
4736
8390
14732
2772
1160
19274
7133
24145
22406
17030
3348
6778
19337
13201
15728
11290
22346
20881
13918
20189
19518
4391
12525
20047
6384
11626
15578
3949
8081
2356
18970
16286
1048
2269
18597
10844
15637
1400
9696
8435
10348
4402
5531
20879
25119
20472
18842
17052
15481
12718
10728
19125
9235
9196
577
19761
22706
21894
21393
1845
21095
24578
18181
4412
1399
24567
11037
11280
15664
4205
24252
5708
15343
4434
10186
7237
7628
2841
13597
2503
20064
2586
16743
8473
19515
3852
17778
21363
8493
8336
17433
18635
16296
22086
5301
2392
12212
1454
8473
11255
3292
7544
21130
15022
5936
23536
23626
7744
17244
7314
2023
21778
11422
8516
5346
15084
12848
13761
23319
2441
3456
15515
3509
7464
11534
10680
21403
21160
22521
19573
6466
16891
15706
6489
14691
16133
12652
24503
21654
3516
510
5896
9580
7706
13911
13625
4806
4130
15645
1401
3656
3875
9077
8480
16951
23309
8834
26331
23281
21214
13551
20115
8374
9214
22178
1616
15675
6807
4149
19444
1551
5257
18129
19204
22513
5751
8758
4146
4620
19428
1249
5046
19452
11067
18737
27330
4004
17986
18603
18247
2277
16106
2933
9884
19370
5614
21849
17291
11460
1114
19127
22112
8937
4040
17520
14420
8952
10323
17515
9875
24795
9343
23779
9844
21050
14752
3313
6002
3050
16634
21984
22336
9844
21137
14638
4394
7098
8492
1907
10483
1147
16387
9523
21329
6755
6285
21444
24178
11184
23073
9563
2100
9819
10929
5915
4573
16737
21509
20217
4382
4648
2448
10843
20106
9768
3015
21181
7832
20551
9792
15145
8255
13555
3805
16612
24431
19177
2018
10209
3399
14762
7839
1029
4202
11387
5873
11044
22589
23719
24674
13087
23484
18223
25162
27745
10823
23489
2265
24222
1456
23840
25028
2442
10849
16295
21467
22110
12073
11433
17629
567
4219
4484
20149
18412
24838
1635
10832
18498
1943
18843
14934
19603
25697
7504
9690
10812
22645
16501
13855
4926
4748
693
12869
9605
8481
14413
16060
24516
13832
16459
20795
4894
21366
14154
7296
8030
17493
15584
11320
20272
10213
6527
24508
15629
9218
22396
1608
18859
9389
14446
15123
12092
7013
9402
15400
20171
3903
11279
4542
11047
5661
5293
8508
22175
27071
14148
12344
21668
13498
3375
9818
10569
10912
20656
6612
11252
3578
3860
21770
11558
11082
14612
24130
22984
21874
14844
15492
15585
16813
2116
6965
11450
7489
19360
18852
18827
7003
17444
11027
8778
18146
9775
12653
10512
21379
9708
8299
8512
23103
11196
8634
25532
13136
26031
13162
19396
17516
18682
24868
18404
25137
12147
6205
23115
9622
1977
10671
8010
21117
23037
11778
21353
661
7207
22630
12768
7302
8247
18497
21866
18297
22717
16892
17261
11130
19132
6829
20224
16119
3567
11398
19730
22014
19812
8428
2174
3717
14657
24053
22426
20542
2556
19420
5485
21173
11805
3619
12052
18854
25909
4849
4120
23432
11581
15751
8242
1606
9970
18563
685
8360
1922
3681
13420
11684
23917
22506
6961
16615
6061
1912
16411
10889
1785
25445
20688
2976
10956
3198
15340
16200
8194
9982
5413
21222
23909
3476
21184
21720
8472
23558
7242
3010
2603
1844
9649
12358
5495
10064
21202
21710
7468
20331
20780
10470
18013
21640
11562
9288
17490
17366
8393
6608
14617
13387
4774
16551
22758
21119
20564
13685
24251
21943
23031
7927
6878
22488
14974
10268
581
13102
23964
7846
12993
1647
24389
13370
4337
7787
8509
17287
18646
20321
10042
18053
19960
6166
15569
2665
20717
11463
13406
21247
21719
12123
9083
15359
9755
25356
13669
6608
12407
19055
8699
19308
5187
15035
23843
22073
3041
20392
4442
2016
20100
16453
17020
21939
1794
20020
22240
1826
22665
16870
20032
9747
20096
22846
14319
23822
1519
19766
17898
19456
5495
19773
21678
24185
24685
17938
9126
14905
1363
4567
21526
8384
23591
5077
6123
21227
12710
4395
17054
18317
19054
16436
14989
13459
19473
25349
16777
22210
8999
17941
20463
12207
2256
8930
9497
20328
8507
11795
16519
10123
21732
22569
21513
5682
7584
11406
20547
19268
10229
17084
9273
20765
12105
13261
11422
11731
3764
6252
8658
1848
7657
24949
7207
2530
25516
4895
24799
9076
2999
1619
6472
8468
16396
24523
