2
9
20
0
0
5
0
0
0
0
0
0
0
0
0
0
0
0
2
38
0
0
0
0
0
0
0
0
0
0
0
0
16
0
1
0
0
16
0
0
0
0
0
0
15
0
17
0
0
0
0
0
0
0
39
0
0
0
0
0
0
0
13
9
0
2
17
0
0
16
0
0
0
25
0
0
0
0
0
0
0
0
5
1
0
0
12
17
0
0
0
0
0
0
5
2
0
0
0
0
0
1
0
0
0
2
1
0
0
0
18
0
0
0
0
6
0
19
0
0
0
0
0
0
3
3
4
0
0
5
0
0
0
0
0
9
0
0
0
0
9
0
0
0
23
0
0
0
0
0
23
0
44
0
7
0
0
0
15
2
0
0
0
0
0
1
0
0
0
0
0
0
4
0
0
0
0
15
0
1
0
1
0
0
0
0
1
0
0
4
0
0
0
0
0
0
0
0
4
0
0
0
15
0
0
0
0
0
8
0
0
0
0
0
35
0
0
0
33
0
0
0
0
8
0
0
15
0
0
0
0
0
24
45
0
0
0
0
0
0
0
0
36
27
36
0
0
0
0
0
0
0
10
38
9
7
0
0
2
16
40
25
0
0
3
29
0
0
0
0
0
0
0
0
0
29
0
0
0
0
0
0
0
0
0
44
0
0
29
0
0
21
0
0
0
1
0
0
0
0
0
0
0
0
0
0
18
0
0
0
0
18
0
0
0
7
0
0
0
0
1
27
0
0
0
0
0
19
8
0
0
0
0
0
24
1
0
0
1
36
0
13
26
8
0
0
0
0
1
0
0
2
0
0
0
0
1
0
0
43
21
0
0
0
0
0
0
0
1
0
47
22
0
0
0
0
19
0
0
0
1
8
32
0
0
0
1
0
48
49
0
35
0
0
0
0
0
0
0
0
5
0
1
44
42
0
0
10
0
0
0
8
0
0
0
0
1
0
11
0
0
0
0
1
0
0
0
0
0
0
0
12
6
0
47
0
27
0
9
0
0
0
0
0
0
0
0
22
12
7
0
0
0
26
1
0
0
0
0
0
0
0
0
34
32
2
0
0
0
3
0
0
0
0
0
0
0
0
0
0
0
0
0
0
0
0
0
0
0
0
0
0
0
0
0
0
0
0
0
0
